Log file open, 04/10/20 21:08:51
LogWindows: Failed to load 'aqProf.dll' (GetLastError=126)
LogWindows: File 'aqProf.dll' does not exist
LogWindows: Failed to load 'VtuneApi.dll' (GetLastError=126)
LogWindows: File 'VtuneApi.dll' does not exist
LogWindows: Failed to load 'VtuneApi32e.dll' (GetLastError=126)
LogWindows: File 'VtuneApi32e.dll' does not exist
LogConsoleResponse: Display: Failed to find resolution value strings in scalability ini. Falling back to default.
LogInit: Display: Running engine for game: Launcher
LogPlatformFile: Not using cached read wrapper
LogTaskGraph: Started task graph with 5 named threads and 47 total threads with 3 sets of task threads.
LogStats: Stats thread started at 0.081070
LogD3D11RHI: Loaded GFSDK_Aftermath_Lib.x64.dll
LogICUInternationalization: ICU TimeZone Detection - Raw Offset: +1:00, Platform Override: ''
LogPluginManager: Mounting plugin Paper2D
LogPluginManager: Mounting plugin AISupport
LogPluginManager: Mounting plugin LightPropagationVolume
LogPluginManager: Mounting plugin ActorLayerUtilities
LogPluginManager: Mounting plugin AnimationSharing
LogPluginManager: Mounting plugin CLionSourceCodeAccess
LogPluginManager: Mounting plugin CodeLiteSourceCodeAccess
LogPluginManager: Mounting plugin ConcertMain
LogPluginManager: Mounting plugin ConcertSyncClient
LogPluginManager: Mounting plugin ConcertSyncCore
LogPluginManager: Found config from plugin[ConcertSyncCore] C:/Users/doria/Desktop/MOBA/Launcher/Saved/Config/Windows/Engine.ini
LogPluginManager: Mounting plugin MultiUserClient
LogPluginManager: Mounting plugin GitSourceControl
LogPluginManager: Mounting plugin KDevelopSourceCodeAccess
LogPluginManager: Mounting plugin NullSourceCodeAccess
LogPluginManager: Mounting plugin PerforceSourceControl
LogPluginManager: Mounting plugin SubversionSourceControl
LogPluginManager: Mounting plugin UObjectPlugin
LogPluginManager: Mounting plugin VisualStudioCodeSourceCodeAccess
LogPluginManager: Mounting plugin VisualStudioSourceCodeAccess
LogPluginManager: Mounting plugin XCodeSourceCodeAccess
LogPluginManager: Mounting plugin AssetManagerEditor
LogPluginManager: Mounting plugin CryptoKeys
LogPluginManager: Mounting plugin CurveEditorTools
LogPluginManager: Mounting plugin DataValidation
LogPluginManager: Mounting plugin FacialAnimation
LogPluginManager: Mounting plugin GameplayTagsEditor
LogPluginManager: Mounting plugin MacGraphicsSwitching
LogPluginManager: Mounting plugin MaterialAnalyzer
LogPluginManager: Mounting plugin MobileLauncherProfileWizard
LogPluginManager: Mounting plugin PluginBrowser
LogPluginManager: Mounting plugin SpeedTreeImporter
LogPluginManager: Mounting plugin DatasmithContent
LogPluginManager: Mounting plugin VariantManagerContent
LogPluginManager: Mounting plugin AlembicImporter
LogPluginManager: Mounting plugin AutomationUtils
LogPluginManager: Mounting plugin BackChannel
LogPluginManager: Mounting plugin CharacterAI
LogPluginManager: Mounting plugin GeometryCache
LogPluginManager: Mounting plugin HTML5Networking
LogPluginManager: Mounting plugin PlatformCrypto
LogPluginManager: Mounting plugin ProxyLODPlugin
LogPluginManager: Mounting plugin SkeletalReduction
LogPluginManager: Mounting plugin MagicLeap
LogPluginManager: Mounting plugin MagicLeapMedia
LogPluginManager: Mounting plugin AutoSizeComments
LogPluginManager: Mounting plugin AndroidMedia
LogPluginManager: Mounting plugin AvfMedia
LogPluginManager: Mounting plugin ImgMedia
LogPluginManager: Mounting plugin MediaCompositing
LogPluginManager: Mounting plugin MediaPlayerEditor
LogPluginManager: Mounting plugin WebMMedia
LogPluginManager: Mounting plugin WmfMedia
LogPluginManager: Mounting plugin TcpMessaging
LogPluginManager: Mounting plugin UdpMessaging
LogPluginManager: Mounting plugin ActorSequence
LogPluginManager: Mounting plugin LevelSequenceEditor
LogPluginManager: Mounting plugin MatineeToLevelSequence
LogPluginManager: Mounting plugin NetcodeUnitTest
LogPluginManager: Mounting plugin NUTUnrealEngine4
LogPluginManager: Mounting plugin OnlineSubsystemGooglePlay
LogPluginManager: Mounting plugin OnlineSubsystemIOS
LogPluginManager: Mounting plugin OnlineSubsystem
LogPluginManager: Mounting plugin OnlineSubsystemNull
LogPluginManager: Mounting plugin OnlineSubsystemUtils
LogPluginManager: Mounting plugin LauncherChunkInstaller
LogPluginManager: Mounting plugin AndroidDeviceProfileSelector
LogPluginManager: Mounting plugin AndroidMoviePlayer
LogPluginManager: Mounting plugin AndroidPermission
LogPluginManager: Mounting plugin AppleImageUtils
LogPluginManager: Mounting plugin AppleMoviePlayer
LogPluginManager: Mounting plugin ArchVisCharacter
LogPluginManager: Mounting plugin AudioCapture
LogPluginManager: Mounting plugin CableComponent
LogPluginManager: Mounting plugin CustomMeshComponent
LogPluginManager: Mounting plugin DatabaseSupport
LogPluginManager: Mounting plugin SQLiteCore
LogPluginManager: Mounting plugin SQLiteSupport
LogPluginManager: Mounting plugin EditableMesh
LogPluginManager: Mounting plugin ExampleDeviceProfileSelector
LogPluginManager: Mounting plugin GoogleCloudMessaging
LogPluginManager: Mounting plugin IOSDeviceProfileSelector
LogPluginManager: Mounting plugin LinuxDeviceProfileSelector
LogPluginManager: Mounting plugin LocationServicesBPLibrary
LogPluginManager: Mounting plugin MobilePatchingUtils
LogPluginManager: Mounting plugin OculusVR
LogPluginManager: Mounting plugin PhysXVehicles
LogPluginManager: Mounting plugin ProceduralMeshComponent
LogPluginManager: Mounting plugin RuntimePhysXCooking
LogPluginManager: Mounting plugin SignificanceManager
LogPluginManager: Mounting plugin SteamVR
LogPluginManager: Mounting plugin WebMMoviePlayer
LogPluginManager: Mounting plugin WindowsMoviePlayer
LogPluginManager: Mounting plugin ScreenshotTools
LogInit: Using libcurl 7.55.1-DEV
LogInit:  - built for x86_64-pc-win32
LogInit:  - supports SSL with OpenSSL/1.1.1
LogInit:  - supports HTTP deflate (compression) using libz 1.2.8
LogInit:  - other features:
LogInit:      CURL_VERSION_SSL
LogInit:      CURL_VERSION_LIBZ
LogInit:      CURL_VERSION_IPV6
LogInit:      CURL_VERSION_ASYNCHDNS
LogInit:      CURL_VERSION_LARGEFILE
LogInit:      CURL_VERSION_IDN
LogInit:  CurlRequestOptions (configurable via config and command line):
LogInit:  - bVerifyPeer = true  - Libcurl will verify peer certificate
LogInit:  - bUseHttpProxy = false  - Libcurl will NOT use HTTP proxy
LogInit:  - bDontReuseConnections = false  - Libcurl will reuse connections
LogInit:  - MaxHostConnections = 16  - Libcurl will limit the number of connections to a host
LogInit:  - LocalHostAddr = Default
LogInit:  - BufferSize = 65536
LogOnline: OSS: Creating online subsystem instance for: NULL
LogInit: WinSock: version 1.1 (2.2), MaxSocks=32767, MaxUdp=65467
LogInit: Build: ++UE4+Release-4.23-CL-9631420
LogInit: Engine Version: 4.23.1-9631420+++UE4+Release-4.23
LogInit: Compatible Engine Version: 4.23.0-8386587+++UE4+Release-4.23
LogInit: Net CL: 8386587
LogInit: OS: Windows 10 (Release 1909) (), CPU: AMD Ryzen 7 2700X Eight-Core Processor         , GPU: NVIDIA GeForce RTX 2060 SUPER
LogInit: Compiled (64-bit): Oct 18 2019 02:07:44
LogInit: Compiled with Visual C++: 19.16.27030.01
LogInit: Build Configuration: Development
LogInit: Branch Name: ++UE4+Release-4.23
LogInit: Command Line: 
LogInit: Base Directory: C:/Program Files/Epic Games/UE_4.23/Engine/Binaries/Win64/
LogInit: Installed Engine Build: 1
LogDevObjectVersion: Number of dev versions registered: 23
LogDevObjectVersion:   Dev-Blueprints (B0D832E4-1F89-4F0D-ACCF-7EB736FD4AA2): 10
LogDevObjectVersion:   Dev-Build (E1C64328-A22C-4D53-A36C-8E866417BD8C): 0
LogDevObjectVersion:   Dev-Core (375EC13C-06E4-48FB-B500-84F0262A717E): 3
LogDevObjectVersion:   Dev-Editor (E4B068ED-F494-42E9-A231-DA0B2E46BB41): 34
LogDevObjectVersion:   Dev-Framework (CFFC743F-43B0-4480-9391-14DF171D2073): 35
LogDevObjectVersion:   Dev-Mobile (B02B49B5-BB20-44E9-A304-32B752E40360): 2
LogDevObjectVersion:   Dev-Networking (A4E4105C-59A1-49B5-A7C5-40C4547EDFEE): 0
LogDevObjectVersion:   Dev-Online (39C831C9-5AE6-47DC-9A44-9C173E1C8E7C): 0
LogDevObjectVersion:   Dev-Physics (78F01B33-EBEA-4F98-B9B4-84EACCB95AA2): 0
LogDevObjectVersion:   Dev-Platform (6631380F-2D4D-43E0-8009-CF276956A95A): 0
LogDevObjectVersion:   Dev-Rendering (12F88B9F-8875-4AFC-A67C-D90C383ABD29): 31
LogDevObjectVersion:   Dev-Sequencer (7B5AE74C-D270-4C10-A958-57980B212A5A): 11
LogDevObjectVersion:   Dev-VR (D7296918-1DD6-4BDD-9DE2-64A83CC13884): 2
LogDevObjectVersion:   Dev-LoadTimes (C2A15278-BFE7-4AFE-6C17-90FF531DF755): 1
LogDevObjectVersion:   Private-Geometry (6EACA3D4-40EC-4CC1-B786-8BED09428FC5): 3
LogDevObjectVersion:   Dev-AnimPhys (29E575DD-E0A3-4627-9D10-D276232CDCEA): 17
LogDevObjectVersion:   Dev-Anim (AF43A65D-7FD3-4947-9873-3E8ED9C1BB05): 2
LogDevObjectVersion:   Dev-ReflectionCapture (6B266CEC-1EC7-4B8F-A30B-E4D90942FC07): 1
LogDevObjectVersion:   Dev-Automation (0DF73D61-A23F-47EA-B727-89E90C41499A): 1
LogDevObjectVersion:   FortniteMain (601D1886-AC64-4F84-AA16-D3DE0DEAC7D6): 27
LogDevObjectVersion:   Dev-Enterprise (9DFFBCD6-494F-0158-E221-12823C92A888): 6
LogDevObjectVersion:   Dev-Niagara (F2AED0AC-9AFE-416F-8664-AA7FFA26D6FC): 1
LogDevObjectVersion:   Dev-Destruction (174F1F0B-B4C6-45A5-B13F-2EE8D0FB917D): 9
LogInit: Presizing for max 16777216 objects, including 0 objects not considered by GC, pre-allocating 0 bytes for permanent pool.
LogInit: Object subsystem initialized
LogConfig: Setting CVar [[con.DebugEarlyDefault:1]]
LogConfig: Setting CVar [[r.setres:1280x720]]
[2020.04.10-19.08.51:294][  0]LogConfig: Setting CVar [[r.VSync:0]]
[2020.04.10-19.08.51:294][  0]LogConfig: Setting CVar [[r.RHICmdBypass:0]]
[2020.04.10-19.08.51:294][  0]LogConfig: Applying CVar settings from Section [/Script/Engine.RendererSettings] File [C:/Users/doria/Desktop/MOBA/Launcher/Saved/Config/Windows/Engine.ini]
[2020.04.10-19.08.51:294][  0]LogConfig: Setting CVar [[r.GPUCrashDebugging:0]]
[2020.04.10-19.08.51:294][  0]LogConfig: Setting CVar [[r.DefaultFeature.AutoExposure.ExtendDefaultLuminanceRange:1]]
[2020.04.10-19.08.51:294][  0]LogConfig: Applying CVar settings from Section [/Script/Engine.RendererOverrideSettings] File [C:/Users/doria/Desktop/MOBA/Launcher/Saved/Config/Windows/Engine.ini]
[2020.04.10-19.08.51:294][  0]LogConfig: Applying CVar settings from Section [/Script/Engine.StreamingSettings] File [C:/Users/doria/Desktop/MOBA/Launcher/Saved/Config/Windows/Engine.ini]
[2020.04.10-19.08.51:294][  0]LogConfig: Setting CVar [[s.MinBulkDataSizeForAsyncLoading:131072]]
[2020.04.10-19.08.51:294][  0]LogConfig: Setting CVar [[s.AsyncLoadingThreadEnabled:0]]
[2020.04.10-19.08.51:295][  0]LogConfig: Setting CVar [[s.EventDrivenLoaderEnabled:1]]
[2020.04.10-19.08.51:295][  0]LogConfig: Setting CVar [[s.WarnIfTimeLimitExceeded:0]]
[2020.04.10-19.08.51:295][  0]LogConfig: Setting CVar [[s.TimeLimitExceededMultiplier:1.5]]
[2020.04.10-19.08.51:295][  0]LogConfig: Setting CVar [[s.TimeLimitExceededMinTime:0.005]]
[2020.04.10-19.08.51:295][  0]LogConfig: Setting CVar [[s.UseBackgroundLevelStreaming:1]]
[2020.04.10-19.08.51:295][  0]LogConfig: Setting CVar [[s.PriorityAsyncLoadingExtraTime:15.0]]
[2020.04.10-19.08.51:295][  0]LogConfig: Setting CVar [[s.LevelStreamingActorsUpdateTimeLimit:5.0]]
[2020.04.10-19.08.51:295][  0]LogConfig: Setting CVar [[s.PriorityLevelStreamingActorsUpdateExtraTime:5.0]]
[2020.04.10-19.08.51:295][  0]LogConfig: Setting CVar [[s.LevelStreamingComponentsRegistrationGranularity:10]]
[2020.04.10-19.08.51:295][  0]LogConfig: Setting CVar [[s.UnregisterComponentsTimeLimit:1.0]]
[2020.04.10-19.08.51:295][  0]LogConfig: Setting CVar [[s.LevelStreamingComponentsUnregistrationGranularity:5]]
[2020.04.10-19.08.51:295][  0]LogConfig: Applying CVar settings from Section [/Script/Engine.GarbageCollectionSettings] File [C:/Users/doria/Desktop/MOBA/Launcher/Saved/Config/Windows/Engine.ini]
[2020.04.10-19.08.51:295][  0]LogConfig: Setting CVar [[gc.MaxObjectsNotConsideredByGC:1]]
[2020.04.10-19.08.51:295][  0]LogConfig: Setting CVar [[gc.SizeOfPermanentObjectPool:0]]
[2020.04.10-19.08.51:295][  0]LogConfig: Setting CVar [[gc.FlushStreamingOnGC:0]]
[2020.04.10-19.08.51:295][  0]LogConfig: Setting CVar [[gc.NumRetriesBeforeForcingGC:10]]
[2020.04.10-19.08.51:295][  0]LogConfig: Setting CVar [[gc.AllowParallelGC:1]]
[2020.04.10-19.08.51:295][  0]LogConfig: Setting CVar [[gc.TimeBetweenPurgingPendingKillObjects:61.1]]
[2020.04.10-19.08.51:295][  0]LogConfig: Setting CVar [[gc.MaxObjectsInEditor:16777216]]
[2020.04.10-19.08.51:295][  0]LogConfig: Setting CVar [[gc.IncrementalBeginDestroyEnabled:1]]
[2020.04.10-19.08.51:295][  0]LogConfig: Setting CVar [[gc.CreateGCClusters:1]]
[2020.04.10-19.08.51:295][  0]LogConfig: Setting CVar [[gc.MinGCClusterSize:5]]
[2020.04.10-19.08.51:295][  0]LogConfig: Setting CVar [[gc.ActorClusteringEnabled:0]]
[2020.04.10-19.08.51:295][  0]LogConfig: Setting CVar [[gc.BlueprintClusteringEnabled:0]]
[2020.04.10-19.08.51:295][  0]LogConfig: Setting CVar [[gc.UseDisregardForGCOnDedicatedServers:0]]
[2020.04.10-19.08.51:295][  0]LogConfig: Applying CVar settings from Section [/Script/Engine.NetworkSettings] File [C:/Users/doria/Desktop/MOBA/Launcher/Saved/Config/Windows/Engine.ini]
[2020.04.10-19.08.51:295][  0]LogConfig: Applying CVar settings from Section [/Script/UnrealEd.CookerSettings] File [C:/Users/doria/Desktop/MOBA/Launcher/Saved/Config/Windows/Engine.ini]
[2020.04.10-19.08.51:299][  0]LogConfig: Applying CVar settings from Section [ViewDistanceQuality@3] File [C:/Users/doria/Desktop/MOBA/Launcher/Saved/Config/Windows/Scalability.ini]
[2020.04.10-19.08.51:299][  0]LogConfig: Setting CVar [[r.SkeletalMeshLODBias:0]]
[2020.04.10-19.08.51:299][  0]LogConfig: Setting CVar [[r.ViewDistanceScale:1.0]]
[2020.04.10-19.08.51:299][  0]LogConfig: Applying CVar settings from Section [AntiAliasingQuality@3] File [C:/Users/doria/Desktop/MOBA/Launcher/Saved/Config/Windows/Scalability.ini]
[2020.04.10-19.08.51:299][  0]LogConfig: Setting CVar [[r.PostProcessAAQuality:4]]
[2020.04.10-19.08.51:299][  0]LogConfig: Applying CVar settings from Section [ShadowQuality@3] File [C:/Users/doria/Desktop/MOBA/Launcher/Saved/Config/Windows/Scalability.ini]
[2020.04.10-19.08.51:299][  0]LogConfig: Setting CVar [[r.LightFunctionQuality:1]]
[2020.04.10-19.08.51:299][  0]LogConfig: Setting CVar [[r.ShadowQuality:5]]
[2020.04.10-19.08.51:299][  0]LogConfig: Setting CVar [[r.Shadow.CSM.MaxCascades:10]]
[2020.04.10-19.08.51:299][  0]LogConfig: Setting CVar [[r.Shadow.MaxResolution:2048]]
[2020.04.10-19.08.51:299][  0]LogConfig: Setting CVar [[r.Shadow.MaxCSMResolution:2048]]
[2020.04.10-19.08.51:299][  0]LogConfig: Setting CVar [[r.Shadow.RadiusThreshold:0.01]]
[2020.04.10-19.08.51:299][  0]LogConfig: Setting CVar [[r.Shadow.DistanceScale:1.0]]
[2020.04.10-19.08.51:299][  0]LogConfig: Setting CVar [[r.Shadow.CSM.TransitionScale:1.0]]
[2020.04.10-19.08.51:299][  0]LogConfig: Setting CVar [[r.Shadow.PreShadowResolutionFactor:1.0]]
[2020.04.10-19.08.51:299][  0]LogConfig: Setting CVar [[r.DistanceFieldShadowing:1]]
[2020.04.10-19.08.51:299][  0]LogConfig: Setting CVar [[r.DistanceFieldAO:1]]
[2020.04.10-19.08.51:299][  0]LogConfig: Setting CVar [[r.AOQuality:2]]
[2020.04.10-19.08.51:299][  0]LogConfig: Setting CVar [[r.VolumetricFog:1]]
[2020.04.10-19.08.51:299][  0]LogConfig: Setting CVar [[r.VolumetricFog.GridPixelSize:8]]
[2020.04.10-19.08.51:299][  0]LogConfig: Setting CVar [[r.VolumetricFog.GridSizeZ:128]]
[2020.04.10-19.08.51:299][  0]LogConfig: Setting CVar [[r.VolumetricFog.HistoryMissSupersampleCount:4]]
[2020.04.10-19.08.51:300][  0]LogConfig: Setting CVar [[r.LightMaxDrawDistanceScale:1]]
[2020.04.10-19.08.51:300][  0]LogConfig: Setting CVar [[r.CapsuleShadows:1]]
[2020.04.10-19.08.51:300][  0]LogConfig: Applying CVar settings from Section [PostProcessQuality@3] File [C:/Users/doria/Desktop/MOBA/Launcher/Saved/Config/Windows/Scalability.ini]
[2020.04.10-19.08.51:300][  0]LogConfig: Setting CVar [[r.MotionBlurQuality:4]]
[2020.04.10-19.08.51:300][  0]LogConfig: Setting CVar [[r.AmbientOcclusionMipLevelFactor:0.4]]
[2020.04.10-19.08.51:300][  0]LogConfig: Setting CVar [[r.AmbientOcclusionMaxQuality:100]]
[2020.04.10-19.08.51:300][  0]LogConfig: Setting CVar [[r.AmbientOcclusionLevels:-1]]
[2020.04.10-19.08.51:300][  0]LogConfig: Setting CVar [[r.AmbientOcclusionRadiusScale:1.0]]
[2020.04.10-19.08.51:300][  0]LogConfig: Setting CVar [[r.DepthOfFieldQuality:2]]
[2020.04.10-19.08.51:300][  0]LogConfig: Setting CVar [[r.RenderTargetPoolMin:400]]
[2020.04.10-19.08.51:300][  0]LogConfig: Setting CVar [[r.LensFlareQuality:2]]
[2020.04.10-19.08.51:300][  0]LogConfig: Setting CVar [[r.SceneColorFringeQuality:1]]
[2020.04.10-19.08.51:300][  0]LogConfig: Setting CVar [[r.EyeAdaptationQuality:2]]
[2020.04.10-19.08.51:300][  0]LogConfig: Setting CVar [[r.BloomQuality:5]]
[2020.04.10-19.08.51:300][  0]LogConfig: Setting CVar [[r.FastBlurThreshold:100]]
[2020.04.10-19.08.51:300][  0]LogConfig: Setting CVar [[r.Upscale.Quality:3]]
[2020.04.10-19.08.51:300][  0]LogConfig: Setting CVar [[r.Tonemapper.GrainQuantization:1]]
[2020.04.10-19.08.51:300][  0]LogConfig: Setting CVar [[r.LightShaftQuality:1]]
[2020.04.10-19.08.51:300][  0]LogConfig: Setting CVar [[r.Filter.SizeScale:1]]
[2020.04.10-19.08.51:300][  0]LogConfig: Setting CVar [[r.Tonemapper.Quality:5]]
[2020.04.10-19.08.51:300][  0]LogConfig: Setting CVar [[r.DOF.Gather.AccumulatorQuality:1        ; higher gathering accumulator quality]]
[2020.04.10-19.08.51:300][  0]LogConfig: Setting CVar [[r.DOF.Gather.PostfilterMethod:1          ; Median3x3 postfilering method]]
[2020.04.10-19.08.51:300][  0]LogConfig: Setting CVar [[r.DOF.Gather.EnableBokehSettings:0       ; no bokeh simulation when gathering]]
[2020.04.10-19.08.51:300][  0]LogConfig: Setting CVar [[r.DOF.Gather.RingCount:4                 ; medium number of samples when gathering]]
[2020.04.10-19.08.51:300][  0]LogConfig: Setting CVar [[r.DOF.Scatter.ForegroundCompositing:1    ; additive foreground scattering]]
[2020.04.10-19.08.51:300][  0]LogConfig: Setting CVar [[r.DOF.Scatter.BackgroundCompositing:2    ; additive background scattering]]
[2020.04.10-19.08.51:300][  0]LogConfig: Setting CVar [[r.DOF.Scatter.EnableBokehSettings:1      ; bokeh simulation when scattering]]
[2020.04.10-19.08.51:300][  0]LogConfig: Setting CVar [[r.DOF.Scatter.MaxSpriteRatio:0.1         ; only a maximum of 10% of scattered bokeh]]
[2020.04.10-19.08.51:300][  0]LogConfig: Setting CVar [[r.DOF.Recombine.Quality:1                ; cheap slight out of focus]]
[2020.04.10-19.08.51:300][  0]LogConfig: Setting CVar [[r.DOF.Recombine.EnableBokehSettings:0    ; no bokeh simulation on slight out of focus]]
[2020.04.10-19.08.51:300][  0]LogConfig: Setting CVar [[r.DOF.TemporalAAQuality:1                ; more stable temporal accumulation]]
[2020.04.10-19.08.51:300][  0]LogConfig: Setting CVar [[r.DOF.Kernel.MaxForegroundRadius:0.025]]
[2020.04.10-19.08.51:300][  0]LogConfig: Setting CVar [[r.DOF.Kernel.MaxBackgroundRadius:0.025]]
[2020.04.10-19.08.51:300][  0]LogConfig: Applying CVar settings from Section [TextureQuality@3] File [C:/Users/doria/Desktop/MOBA/Launcher/Saved/Config/Windows/Scalability.ini]
[2020.04.10-19.08.51:300][  0]LogConfig: Setting CVar [[r.Streaming.MipBias:0]]
[2020.04.10-19.08.51:300][  0]LogConfig: Setting CVar [[r.Streaming.AmortizeCPUToGPUCopy:0]]
[2020.04.10-19.08.51:300][  0]LogConfig: Setting CVar [[r.Streaming.MaxNumTexturesToStreamPerFrame:0]]
[2020.04.10-19.08.51:300][  0]LogConfig: Setting CVar [[r.Streaming.Boost:1]]
[2020.04.10-19.08.51:300][  0]LogConfig: Setting CVar [[r.MaxAnisotropy:8]]
[2020.04.10-19.08.51:300][  0]LogConfig: Setting CVar [[r.Streaming.LimitPoolSizeToVRAM:0]]
[2020.04.10-19.08.51:300][  0]LogConfig: Setting CVar [[r.Streaming.PoolSize:1000]]
[2020.04.10-19.08.51:300][  0]LogConfig: Setting CVar [[r.Streaming.MaxEffectiveScreenSize:0]]
[2020.04.10-19.08.51:300][  0]LogConfig: Applying CVar settings from Section [EffectsQuality@3] File [C:/Users/doria/Desktop/MOBA/Launcher/Saved/Config/Windows/Scalability.ini]
[2020.04.10-19.08.51:300][  0]LogConfig: Setting CVar [[r.TranslucencyLightingVolumeDim:64]]
[2020.04.10-19.08.51:300][  0]LogConfig: Setting CVar [[r.RefractionQuality:2]]
[2020.04.10-19.08.51:300][  0]LogConfig: Setting CVar [[r.SSR.Quality:3]]
[2020.04.10-19.08.51:300][  0]LogConfig: Setting CVar [[r.SceneColorFormat:4]]
[2020.04.10-19.08.51:300][  0]LogConfig: Setting CVar [[r.DetailMode:2]]
[2020.04.10-19.08.51:300][  0]LogConfig: Setting CVar [[r.TranslucencyVolumeBlur:1]]
[2020.04.10-19.08.51:300][  0]LogConfig: Setting CVar [[r.MaterialQualityLevel:1 ; High quality]]
[2020.04.10-19.08.51:300][  0]LogConfig: Setting CVar [[r.SSS.Scale:1]]
[2020.04.10-19.08.51:300][  0]LogConfig: Setting CVar [[r.SSS.SampleSet:2]]
[2020.04.10-19.08.51:300][  0]LogConfig: Setting CVar [[r.SSS.Quality:1]]
[2020.04.10-19.08.51:300][  0]LogConfig: Setting CVar [[r.SSS.HalfRes:1]]
[2020.04.10-19.08.51:300][  0]LogConfig: Setting CVar [[r.EmitterSpawnRateScale:1.0]]
[2020.04.10-19.08.51:300][  0]LogConfig: Setting CVar [[r.ParticleLightQuality:2]]
[2020.04.10-19.08.51:300][  0]LogConfig: Applying CVar settings from Section [FoliageQuality@3] File [C:/Users/doria/Desktop/MOBA/Launcher/Saved/Config/Windows/Scalability.ini]
[2020.04.10-19.08.51:300][  0]LogConfig: Setting CVar [[foliage.DensityScale:1.0]]
[2020.04.10-19.08.51:300][  0]LogConfig: Setting CVar [[grass.DensityScale:1.0]]
[2020.04.10-19.08.51:300][  0]LogInit: Selected Device Profile: [Windows]
[2020.04.10-19.08.51:300][  0]LogInit: Applying CVar settings loaded from the selected device profile: [Windows]
[2020.04.10-19.08.51:303][  0]LogHAL: Display: Platform has ~ 32 GB [34287583232 / 34359738368 / 32], which maps to Largest [LargestMinGB=32, LargerMinGB=12, DefaultMinGB=8, SmallerMinGB=6, SmallestMinGB=0)
[2020.04.10-19.08.51:303][  0]LogInit: Going up to parent DeviceProfile []
[2020.04.10-19.08.51:303][  0]LogConfig: Applying CVar settings from Section [ViewDistanceQuality@3] File [C:/Users/doria/Desktop/MOBA/Launcher/Saved/Config/Windows/Scalability.ini]
[2020.04.10-19.08.51:303][  0]LogConfig: Setting CVar [[r.SkeletalMeshLODBias:0]]
[2020.04.10-19.08.51:303][  0]LogConfig: Setting CVar [[r.ViewDistanceScale:1.0]]
[2020.04.10-19.08.51:304][  0]LogConfig: Applying CVar settings from Section [AntiAliasingQuality@3] File [C:/Users/doria/Desktop/MOBA/Launcher/Saved/Config/Windows/Scalability.ini]
[2020.04.10-19.08.51:304][  0]LogConfig: Setting CVar [[r.PostProcessAAQuality:4]]
[2020.04.10-19.08.51:304][  0]LogConfig: Applying CVar settings from Section [ShadowQuality@3] File [C:/Users/doria/Desktop/MOBA/Launcher/Saved/Config/Windows/Scalability.ini]
[2020.04.10-19.08.51:304][  0]LogConfig: Setting CVar [[r.LightFunctionQuality:1]]
[2020.04.10-19.08.51:304][  0]LogConfig: Setting CVar [[r.ShadowQuality:5]]
[2020.04.10-19.08.51:304][  0]LogConfig: Setting CVar [[r.Shadow.CSM.MaxCascades:10]]
[2020.04.10-19.08.51:304][  0]LogConfig: Setting CVar [[r.Shadow.MaxResolution:2048]]
[2020.04.10-19.08.51:304][  0]LogConfig: Setting CVar [[r.Shadow.MaxCSMResolution:2048]]
[2020.04.10-19.08.51:304][  0]LogConfig: Setting CVar [[r.Shadow.RadiusThreshold:0.01]]
[2020.04.10-19.08.51:304][  0]LogConfig: Setting CVar [[r.Shadow.DistanceScale:1.0]]
[2020.04.10-19.08.51:304][  0]LogConfig: Setting CVar [[r.Shadow.CSM.TransitionScale:1.0]]
[2020.04.10-19.08.51:304][  0]LogConfig: Setting CVar [[r.Shadow.PreShadowResolutionFactor:1.0]]
[2020.04.10-19.08.51:304][  0]LogConfig: Setting CVar [[r.DistanceFieldShadowing:1]]
[2020.04.10-19.08.51:304][  0]LogConfig: Setting CVar [[r.DistanceFieldAO:1]]
[2020.04.10-19.08.51:304][  0]LogConfig: Setting CVar [[r.AOQuality:2]]
[2020.04.10-19.08.51:304][  0]LogConfig: Setting CVar [[r.VolumetricFog:1]]
[2020.04.10-19.08.51:304][  0]LogConfig: Setting CVar [[r.VolumetricFog.GridPixelSize:8]]
[2020.04.10-19.08.51:304][  0]LogConfig: Setting CVar [[r.VolumetricFog.GridSizeZ:128]]
[2020.04.10-19.08.51:304][  0]LogConfig: Setting CVar [[r.VolumetricFog.HistoryMissSupersampleCount:4]]
[2020.04.10-19.08.51:304][  0]LogConfig: Setting CVar [[r.LightMaxDrawDistanceScale:1]]
[2020.04.10-19.08.51:304][  0]LogConfig: Setting CVar [[r.CapsuleShadows:1]]
[2020.04.10-19.08.51:304][  0]LogConfig: Applying CVar settings from Section [PostProcessQuality@3] File [C:/Users/doria/Desktop/MOBA/Launcher/Saved/Config/Windows/Scalability.ini]
[2020.04.10-19.08.51:304][  0]LogConfig: Setting CVar [[r.MotionBlurQuality:4]]
[2020.04.10-19.08.51:304][  0]LogConfig: Setting CVar [[r.AmbientOcclusionMipLevelFactor:0.4]]
[2020.04.10-19.08.51:304][  0]LogConfig: Setting CVar [[r.AmbientOcclusionMaxQuality:100]]
[2020.04.10-19.08.51:304][  0]LogConfig: Setting CVar [[r.AmbientOcclusionLevels:-1]]
[2020.04.10-19.08.51:304][  0]LogConfig: Setting CVar [[r.AmbientOcclusionRadiusScale:1.0]]
[2020.04.10-19.08.51:304][  0]LogConfig: Setting CVar [[r.DepthOfFieldQuality:2]]
[2020.04.10-19.08.51:304][  0]LogConfig: Setting CVar [[r.RenderTargetPoolMin:400]]
[2020.04.10-19.08.51:304][  0]LogConfig: Setting CVar [[r.LensFlareQuality:2]]
[2020.04.10-19.08.51:304][  0]LogConfig: Setting CVar [[r.SceneColorFringeQuality:1]]
[2020.04.10-19.08.51:304][  0]LogConfig: Setting CVar [[r.EyeAdaptationQuality:2]]
[2020.04.10-19.08.51:304][  0]LogConfig: Setting CVar [[r.BloomQuality:5]]
[2020.04.10-19.08.51:304][  0]LogConfig: Setting CVar [[r.FastBlurThreshold:100]]
[2020.04.10-19.08.51:304][  0]LogConfig: Setting CVar [[r.Upscale.Quality:3]]
[2020.04.10-19.08.51:304][  0]LogConfig: Setting CVar [[r.Tonemapper.GrainQuantization:1]]
[2020.04.10-19.08.51:304][  0]LogConfig: Setting CVar [[r.LightShaftQuality:1]]
[2020.04.10-19.08.51:304][  0]LogConfig: Setting CVar [[r.Filter.SizeScale:1]]
[2020.04.10-19.08.51:304][  0]LogConfig: Setting CVar [[r.Tonemapper.Quality:5]]
[2020.04.10-19.08.51:304][  0]LogConfig: Setting CVar [[r.DOF.Gather.AccumulatorQuality:1        ; higher gathering accumulator quality]]
[2020.04.10-19.08.51:304][  0]LogConfig: Setting CVar [[r.DOF.Gather.PostfilterMethod:1          ; Median3x3 postfilering method]]
[2020.04.10-19.08.51:304][  0]LogConfig: Setting CVar [[r.DOF.Gather.EnableBokehSettings:0       ; no bokeh simulation when gathering]]
[2020.04.10-19.08.51:304][  0]LogConfig: Setting CVar [[r.DOF.Gather.RingCount:4                 ; medium number of samples when gathering]]
[2020.04.10-19.08.51:304][  0]LogConfig: Setting CVar [[r.DOF.Scatter.ForegroundCompositing:1    ; additive foreground scattering]]
[2020.04.10-19.08.51:304][  0]LogConfig: Setting CVar [[r.DOF.Scatter.BackgroundCompositing:2    ; additive background scattering]]
[2020.04.10-19.08.51:304][  0]LogConfig: Setting CVar [[r.DOF.Scatter.EnableBokehSettings:1      ; bokeh simulation when scattering]]
[2020.04.10-19.08.51:304][  0]LogConfig: Setting CVar [[r.DOF.Scatter.MaxSpriteRatio:0.1         ; only a maximum of 10% of scattered bokeh]]
[2020.04.10-19.08.51:304][  0]LogConfig: Setting CVar [[r.DOF.Recombine.Quality:1                ; cheap slight out of focus]]
[2020.04.10-19.08.51:304][  0]LogConfig: Setting CVar [[r.DOF.Recombine.EnableBokehSettings:0    ; no bokeh simulation on slight out of focus]]
[2020.04.10-19.08.51:304][  0]LogConfig: Setting CVar [[r.DOF.TemporalAAQuality:1                ; more stable temporal accumulation]]
[2020.04.10-19.08.51:304][  0]LogConfig: Setting CVar [[r.DOF.Kernel.MaxForegroundRadius:0.025]]
[2020.04.10-19.08.51:304][  0]LogConfig: Setting CVar [[r.DOF.Kernel.MaxBackgroundRadius:0.025]]
[2020.04.10-19.08.51:304][  0]LogConfig: Applying CVar settings from Section [TextureQuality@3] File [C:/Users/doria/Desktop/MOBA/Launcher/Saved/Config/Windows/Scalability.ini]
[2020.04.10-19.08.51:304][  0]LogConfig: Setting CVar [[r.Streaming.MipBias:0]]
[2020.04.10-19.08.51:304][  0]LogConfig: Setting CVar [[r.Streaming.AmortizeCPUToGPUCopy:0]]
[2020.04.10-19.08.51:304][  0]LogConfig: Setting CVar [[r.Streaming.MaxNumTexturesToStreamPerFrame:0]]
[2020.04.10-19.08.51:304][  0]LogConfig: Setting CVar [[r.Streaming.Boost:1]]
[2020.04.10-19.08.51:304][  0]LogConfig: Setting CVar [[r.MaxAnisotropy:8]]
[2020.04.10-19.08.51:304][  0]LogConfig: Setting CVar [[r.Streaming.LimitPoolSizeToVRAM:0]]
[2020.04.10-19.08.51:304][  0]LogConfig: Setting CVar [[r.Streaming.PoolSize:1000]]
[2020.04.10-19.08.51:304][  0]LogConfig: Setting CVar [[r.Streaming.MaxEffectiveScreenSize:0]]
[2020.04.10-19.08.51:304][  0]LogConfig: Applying CVar settings from Section [EffectsQuality@3] File [C:/Users/doria/Desktop/MOBA/Launcher/Saved/Config/Windows/Scalability.ini]
[2020.04.10-19.08.51:304][  0]LogConfig: Setting CVar [[r.TranslucencyLightingVolumeDim:64]]
[2020.04.10-19.08.51:304][  0]LogConfig: Setting CVar [[r.RefractionQuality:2]]
[2020.04.10-19.08.51:304][  0]LogConfig: Setting CVar [[r.SSR.Quality:3]]
[2020.04.10-19.08.51:304][  0]LogConfig: Setting CVar [[r.SceneColorFormat:4]]
[2020.04.10-19.08.51:304][  0]LogConfig: Setting CVar [[r.DetailMode:2]]
[2020.04.10-19.08.51:304][  0]LogConfig: Setting CVar [[r.TranslucencyVolumeBlur:1]]
[2020.04.10-19.08.51:304][  0]LogConfig: Setting CVar [[r.MaterialQualityLevel:1 ; High quality]]
[2020.04.10-19.08.51:304][  0]LogConfig: Setting CVar [[r.SSS.Scale:1]]
[2020.04.10-19.08.51:304][  0]LogConfig: Setting CVar [[r.SSS.SampleSet:2]]
[2020.04.10-19.08.51:304][  0]LogConfig: Setting CVar [[r.SSS.Quality:1]]
[2020.04.10-19.08.51:305][  0]LogConfig: Setting CVar [[r.SSS.HalfRes:1]]
[2020.04.10-19.08.51:305][  0]LogConfig: Setting CVar [[r.EmitterSpawnRateScale:1.0]]
[2020.04.10-19.08.51:305][  0]LogConfig: Setting CVar [[r.ParticleLightQuality:2]]
[2020.04.10-19.08.51:305][  0]LogConfig: Applying CVar settings from Section [FoliageQuality@3] File [C:/Users/doria/Desktop/MOBA/Launcher/Saved/Config/Windows/Scalability.ini]
[2020.04.10-19.08.51:305][  0]LogConfig: Setting CVar [[foliage.DensityScale:1.0]]
[2020.04.10-19.08.51:305][  0]LogConfig: Setting CVar [[grass.DensityScale:1.0]]
[2020.04.10-19.08.51:305][  0]LogConfig: Applying CVar settings from Section [Startup] File [../../../Engine/Config/ConsoleVariables.ini]
[2020.04.10-19.08.51:305][  0]LogConfig: Setting CVar [[net.UseAdaptiveNetUpdateFrequency:0]]
[2020.04.10-19.08.51:305][  0]LogConfig: Setting CVar [[p.chaos.AllowCreatePhysxBodies:1]]
[2020.04.10-19.08.51:305][  0]LogConfig: Applying CVar settings from Section [ConsoleVariables] File [C:/Users/doria/Desktop/MOBA/Launcher/Saved/Config/Windows/Engine.ini]
[2020.04.10-19.08.51:305][  0]LogInit: Computer: DESKTOP-OA3L0L8
[2020.04.10-19.08.51:305][  0]LogInit: User: doria
[2020.04.10-19.08.51:305][  0]LogInit: CPU Page size=4096, Cores=8
[2020.04.10-19.08.51:305][  0]LogInit: High frequency timer resolution =10.000000 MHz
[2020.04.10-19.08.51:305][  0]LogMemory: Memory total: Physical=31.9GB (32GB approx)
[2020.04.10-19.08.51:305][  0]LogMemory: Platform Memory Stats for Windows
[2020.04.10-19.08.51:305][  0]LogMemory: Process Physical Memory: 105.69 MB used, 105.69 MB peak
[2020.04.10-19.08.51:305][  0]LogMemory: Process Virtual Memory: 102.49 MB used, 102.49 MB peak
[2020.04.10-19.08.51:305][  0]LogMemory: Physical Memory: 10320.32 MB used,  22378.87 MB free, 32699.19 MB total
[2020.04.10-19.08.51:305][  0]LogMemory: Virtual Memory: 4703.77 MB used,  134213024.00 MB free, 134217728.00 MB total
[2020.04.10-19.08.51:308][  0]LogWindows: WindowsPlatformFeatures enabled
[2020.04.10-19.08.51:336][  0]LogInit: Using OS detected language (fr-FR).
[2020.04.10-19.08.51:336][  0]LogInit: Using OS detected locale (fr-FR).
[2020.04.10-19.08.51:337][  0]LogTextLocalizationManager: No specific localization for 'fr-FR' exists, so the 'fr' localization will be used.
[2020.04.10-19.08.51:337][  0]LogTextLocalizationResource: LocRes '../../../Engine/Content/Localization/Editor/fr/Editor.locres' could not be opened for reading!
[2020.04.10-19.08.51:337][  0]LogTextLocalizationResource: LocRes '../../../Engine/Content/Localization/EditorTutorials/fr/EditorTutorials.locres' could not be opened for reading!
[2020.04.10-19.08.51:337][  0]LogTextLocalizationResource: LocRes '../../../Engine/Content/Localization/Keywords/fr/Keywords.locres' could not be opened for reading!
[2020.04.10-19.08.51:337][  0]LogTextLocalizationResource: LocRes '../../../Engine/Content/Localization/Category/fr/Category.locres' could not be opened for reading!
[2020.04.10-19.08.51:337][  0]LogTextLocalizationResource: LocRes '../../../Engine/Content/Localization/ToolTips/fr/ToolTips.locres' could not be opened for reading!
[2020.04.10-19.08.51:338][  0]LogTextLocalizationResource: LocRes '../../../Engine/Content/Localization/PropertyNames/fr/PropertyNames.locres' could not be opened for reading!
[2020.04.10-19.08.51:338][  0]LogTextLocalizationResource: LocRes '../../../Engine/Content/Localization/Engine/fr/Engine.locres' could not be opened for reading!
[2020.04.10-19.08.51:339][  0]LogInit: Setting process to per monitor DPI aware
[2020.04.10-19.08.51:373][  0]LogSlate: New Slate User Created.  User Index 0, Is Virtual User: 0
[2020.04.10-19.08.51:373][  0]LogSlate: Slate User Registered.  User Index 0, Is Virtual User: 0
[2020.04.10-19.08.51:557][  0]LogHMD: Failed to initialize OpenVR with code 110
[2020.04.10-19.08.51:557][  0]LogD3D11RHI: D3D11 adapters:
[2020.04.10-19.08.51:632][  0]LogD3D11RHI:    0. 'NVIDIA GeForce RTX 2060 SUPER' (Feature Level 11_0)
[2020.04.10-19.08.51:632][  0]LogD3D11RHI:       8031/0/16349 MB DedicatedVideo/DedicatedSystem/SharedSystem, Outputs:2, VendorId:0x10de
[2020.04.10-19.08.51:634][  0]LogD3D11RHI:    1. 'Microsoft Basic Render Driver' (Feature Level 11_0)
[2020.04.10-19.08.51:634][  0]LogD3D11RHI:       0/0/16349 MB DedicatedVideo/DedicatedSystem/SharedSystem, Outputs:0, VendorId:0x1414
[2020.04.10-19.08.51:634][  0]LogD3D11RHI: Chosen D3D11 Adapter: 0
[2020.04.10-19.08.51:644][  0]LogD3D11RHI: Creating new Direct3DDevice
[2020.04.10-19.08.51:645][  0]LogD3D11RHI:     GPU DeviceId: 0x1f06 (for the marketing name, search the web for "GPU Device Id")
[2020.04.10-19.08.51:645][  0]LogWindows: EnumDisplayDevices:
[2020.04.10-19.08.51:645][  0]LogWindows:    0. 'NVIDIA GeForce RTX 2060 SUPER' (P:1 D:1)
[2020.04.10-19.08.51:645][  0]LogWindows:    1. 'NVIDIA GeForce RTX 2060 SUPER' (P:0 D:1)
[2020.04.10-19.08.51:645][  0]LogWindows:    2. 'NVIDIA GeForce RTX 2060 SUPER' (P:0 D:0)
[2020.04.10-19.08.51:646][  0]LogWindows:    3. 'NVIDIA GeForce RTX 2060 SUPER' (P:0 D:0)
[2020.04.10-19.08.51:646][  0]LogWindows: DebugString: FoundDriverCount:4 
[2020.04.10-19.08.51:646][  0]LogD3D11RHI:     Adapter Name: NVIDIA GeForce RTX 2060 SUPER
[2020.04.10-19.08.51:646][  0]LogD3D11RHI:   Driver Version: 445.75 (internal:26.21.14.4575, unified:445.75)
[2020.04.10-19.08.51:646][  0]LogD3D11RHI:      Driver Date: 3-17-2020
[2020.04.10-19.08.51:646][  0]LogRHI: Texture pool is 5621 MB (70% of 8031 MB)
[2020.04.10-19.08.51:703][  0]LogD3D11RHI: Async texture creation enabled
[2020.04.10-19.08.51:725][  0]LogD3D11RHI: GPU Timing Frequency: 1000.000000 (Debug: 2 1)
[2020.04.10-19.08.51:996][  0]LogTemp: Display: Module 'AllDesktopTargetPlatform' loaded TargetPlatform 'AllDesktop'
[2020.04.10-19.08.52:005][  0]LogTemp: Display: Module 'MacClientTargetPlatform' loaded TargetPlatform 'MacClient'
[2020.04.10-19.08.52:016][  0]LogTemp: Display: Module 'MacNoEditorTargetPlatform' loaded TargetPlatform 'MacNoEditor'
[2020.04.10-19.08.52:026][  0]LogTemp: Display: Module 'MacServerTargetPlatform' loaded TargetPlatform 'MacServer'
[2020.04.10-19.08.52:036][  0]LogTemp: Display: Module 'MacTargetPlatform' loaded TargetPlatform 'Mac'
[2020.04.10-19.08.52:046][  0]LogTemp: Display: Module 'WindowsClientTargetPlatform' loaded TargetPlatform 'WindowsClient'
[2020.04.10-19.08.52:056][  0]LogTemp: Display: Module 'WindowsNoEditorTargetPlatform' loaded TargetPlatform 'WindowsNoEditor'
[2020.04.10-19.08.52:065][  0]LogTemp: Display: Module 'WindowsServerTargetPlatform' loaded TargetPlatform 'WindowsServer'
[2020.04.10-19.08.52:070][  0]LogTemp: Display: Module 'WindowsTargetPlatform' loaded TargetPlatform 'Windows'
[2020.04.10-19.08.52:103][  0]LogTemp: Display: Module 'AndroidTargetPlatform' loaded TargetPlatform 'Android'
[2020.04.10-19.08.52:103][  0]LogTemp: Display: Module 'AndroidTargetPlatform' loaded TargetPlatform 'Android_ASTC'
[2020.04.10-19.08.52:103][  0]LogTemp: Display: Module 'AndroidTargetPlatform' loaded TargetPlatform 'Android_ATC'
[2020.04.10-19.08.52:103][  0]LogTemp: Display: Module 'AndroidTargetPlatform' loaded TargetPlatform 'Android_DXT'
[2020.04.10-19.08.52:103][  0]LogTemp: Display: Module 'AndroidTargetPlatform' loaded TargetPlatform 'Android_ETC1'
[2020.04.10-19.08.52:103][  0]LogTemp: Display: Module 'AndroidTargetPlatform' loaded TargetPlatform 'Android_ETC1a'
[2020.04.10-19.08.52:103][  0]LogTemp: Display: Module 'AndroidTargetPlatform' loaded TargetPlatform 'Android_ETC2'
[2020.04.10-19.08.52:103][  0]LogTemp: Display: Module 'AndroidTargetPlatform' loaded TargetPlatform 'Android_PVRTC'
[2020.04.10-19.08.52:103][  0]LogTemp: Display: Module 'AndroidTargetPlatform' loaded TargetPlatform 'AndroidClient'
[2020.04.10-19.08.52:103][  0]LogTemp: Display: Module 'AndroidTargetPlatform' loaded TargetPlatform 'Android_ASTCClient'
[2020.04.10-19.08.52:103][  0]LogTemp: Display: Module 'AndroidTargetPlatform' loaded TargetPlatform 'Android_ATCClient'
[2020.04.10-19.08.52:104][  0]LogTemp: Display: Module 'AndroidTargetPlatform' loaded TargetPlatform 'Android_DXTClient'
[2020.04.10-19.08.52:104][  0]LogTemp: Display: Module 'AndroidTargetPlatform' loaded TargetPlatform 'Android_ETC1Client'
[2020.04.10-19.08.52:104][  0]LogTemp: Display: Module 'AndroidTargetPlatform' loaded TargetPlatform 'Android_ETC1aClient'
[2020.04.10-19.08.52:104][  0]LogTemp: Display: Module 'AndroidTargetPlatform' loaded TargetPlatform 'Android_ETC2Client'
[2020.04.10-19.08.52:104][  0]LogTemp: Display: Module 'AndroidTargetPlatform' loaded TargetPlatform 'Android_PVRTCClient'
[2020.04.10-19.08.52:104][  0]LogTemp: Display: Module 'AndroidTargetPlatform' loaded TargetPlatform 'Android_Multi'
[2020.04.10-19.08.52:104][  0]LogTemp: Display: Module 'AndroidTargetPlatform' loaded TargetPlatform 'Android_MultiClient'
[2020.04.10-19.08.52:105][  0]LogTemp: Display: Module 'HTML5TargetPlatform' loaded TargetPlatform 'HTML5'
[2020.04.10-19.08.52:125][  0]LogTemp: Display: Module 'IOSTargetPlatform' loaded TargetPlatform 'IOSClient'
[2020.04.10-19.08.52:125][  0]LogTemp: Display: Module 'IOSTargetPlatform' loaded TargetPlatform 'IOS'
[2020.04.10-19.08.52:140][  0]LogTemp: Display: Module 'TVOSTargetPlatform' loaded TargetPlatform 'TVOSClient'
[2020.04.10-19.08.52:140][  0]LogTemp: Display: Module 'TVOSTargetPlatform' loaded TargetPlatform 'TVOS'
[2020.04.10-19.08.52:149][  0]LogTemp: Display: Module 'LinuxClientTargetPlatform' loaded TargetPlatform 'LinuxClient'
[2020.04.10-19.08.52:156][  0]LogTemp: Display: Module 'LinuxNoEditorTargetPlatform' loaded TargetPlatform 'LinuxNoEditor'
[2020.04.10-19.08.52:164][  0]LogTemp: Display: Module 'LinuxServerTargetPlatform' loaded TargetPlatform 'LinuxServer'
[2020.04.10-19.08.52:173][  0]LogTemp: Display: Module 'LinuxTargetPlatform' loaded TargetPlatform 'Linux'
[2020.04.10-19.08.52:209][  0]LogTemp: Display: Module 'LuminTargetPlatform' loaded TargetPlatform 'Lumin'
[2020.04.10-19.08.52:209][  0]LogTemp: Display: Module 'LuminTargetPlatform' loaded TargetPlatform 'LuminClient'
[2020.04.10-19.08.52:209][  0]LogTargetPlatformManager: Display: Building Assets For Windows
[2020.04.10-19.08.52:221][  0]LogAudioDebug: Display: Lib vorbis DLL was dynamically loaded.
[2020.04.10-19.08.52:283][  0]LogShaderCompilers: Guid format shader working directory is -6 characters bigger than the processId version (../../../../../../Users/doria/Desktop/MOBA/Launcher/Intermediate/Shaders/WorkingDirectory/13360/).
[2020.04.10-19.08.52:283][  0]LogShaderCompilers: Cleaned the shader compiler working directory 'C:/Users/doria/AppData/Local/Temp/UnrealShaderWorkingDir/E2A100064B8D215974F0AB87C1374626/'.
[2020.04.10-19.08.52:286][  0]LogXGEController: Cannot use XGE Controller as Incredibuild is not installed on this machine.
[2020.04.10-19.08.52:287][  0]LogShaderCompilers: Cannot use XGE Shader Compiler as Incredibuild is not installed on this machine.
[2020.04.10-19.08.52:287][  0]LogShaderCompilers: Display: Using Local Shader Compiler.
[2020.04.10-19.08.52:880][  0]LogDerivedDataCache: Display: Max Cache Size: 512 MB
[2020.04.10-19.08.52:926][  0]LogDerivedDataCache: Loaded boot cache 0.05s 73MB C:/Users/doria/AppData/Local/UnrealEngine/4.23/DerivedDataCache/Boot.ddc.
[2020.04.10-19.08.52:926][  0]LogDerivedDataCache: Display: Loaded Boot cache: C:/Users/doria/AppData/Local/UnrealEngine/4.23/DerivedDataCache/Boot.ddc
[2020.04.10-19.08.52:926][  0]LogDerivedDataCache: FDerivedDataBackendGraph:  Pak pak cache file ../../../../../../Users/doria/Desktop/MOBA/Launcher/DerivedDataCache/DDC.ddp not found, will not use a pak cache.
[2020.04.10-19.08.52:926][  0]LogDerivedDataCache: Unable to find inner node Pak for hierarchical cache Hierarchy.
[2020.04.10-19.08.52:926][  0]LogDerivedDataCache: FDerivedDataBackendGraph:  CompressedPak pak cache file ../../../../../../Users/doria/Desktop/MOBA/Launcher/DerivedDataCache/Compressed.ddp not found, will not use a pak cache.
[2020.04.10-19.08.52:926][  0]LogDerivedDataCache: Unable to find inner node CompressedPak for hierarchical cache Hierarchy.
[2020.04.10-19.08.52:937][  0]LogDerivedDataCache: Display: Pak cache opened for reading ../../../Engine/DerivedDataCache/Compressed.ddp.
[2020.04.10-19.08.52:937][  0]LogDerivedDataCache: FDerivedDataBackendGraph:  EnterprisePak pak cache file ../../../Enterprise/DerivedDataCache/Compressed.ddp not found, will not use a pak cache.
[2020.04.10-19.08.52:937][  0]LogDerivedDataCache: Unable to find inner node EnterprisePak for hierarchical cache Hierarchy.
[2020.04.10-19.08.52:938][  0]LogDerivedDataCache: Using Local data cache path C:/Users/doria/AppData/Local/UnrealEngine/Common/DerivedDataCache: Writable
[2020.04.10-19.08.52:938][  0]LogDerivedDataCache: Shared data cache path not found in *engine.ini, will not use an Shared cache.
[2020.04.10-19.08.52:939][  0]LogDerivedDataCache: Unable to find inner node Shared for hierarchical cache Hierarchy.
[2020.04.10-19.08.52:959][  0]LogMaterial: Verifying Global Shaders for PCD3D_SM5
[2020.04.10-19.08.52:962][  0]LogSlate: Using FreeType 2.6.0
[2020.04.10-19.08.52:963][  0]LogSlate: SlateFontServices - WITH_FREETYPE: 1, WITH_HARFBUZZ: 1
[2020.04.10-19.08.53:018][  0]LogAssetRegistry: FAssetRegistry took 0.0026 seconds to start up
[2020.04.10-19.08.53:288][  0]LogInit: Selected Device Profile: [Windows]
[2020.04.10-19.08.53:431][  0]LogMeshReduction: Using QuadricMeshReduction for automatic static mesh reduction
[2020.04.10-19.08.53:431][  0]LogMeshReduction: Using SimplygonMeshReduction for automatic skeletal mesh reduction
[2020.04.10-19.08.53:431][  0]LogMeshReduction: Using ProxyLODMeshReduction for automatic mesh merging
[2020.04.10-19.08.53:431][  0]LogMeshReduction: No distributed automatic mesh merging module available
[2020.04.10-19.08.53:431][  0]LogMeshMerging: No distributed automatic mesh merging module available
[2020.04.10-19.08.53:440][  0]LogNetVersion: Launcher 1.0.0, NetCL: 8386587, EngineNetVer: 11, GameNetVer: 0 (Checksum: 4227089166)
[2020.04.10-19.08.53:860][  0]LogPackageLocalizationCache: Processed 13 localized package path(s) for 1 prioritized culture(s) in 0.063907 seconds
[2020.04.10-19.08.53:868][  0]LogUObjectArray: 43444 objects as part of root set at end of initial load.
[2020.04.10-19.08.53:868][  0]LogUObjectAllocator: 7548648 out of 0 bytes used by permanent object pool.
[2020.04.10-19.08.53:868][  0]LogUObjectArray: CloseDisregardForGC: 0/0 objects in disregard for GC pool
[2020.04.10-19.08.54:752][  0]LogTcpMessaging: Initializing TcpMessaging bridge
[2020.04.10-19.08.54:755][  0]LogUdpMessaging: Initializing bridge on interface 0.0.0.0:0 to multicast group 230.0.0.1:6666.
[2020.04.10-19.08.54:892][  0]SourceControl: Source control is disabled
[2020.04.10-19.08.54:892][  0]SourceControl: Source control is disabled
[2020.04.10-19.08.54:893][  0]SourceControl: Source control is disabled
[2020.04.10-19.08.54:895][  0]SourceControl: Source control is disabled
[2020.04.10-19.08.55:004][  0]LogAndroidPermission: UAndroidPermissionCallbackProxy::GetInstance
[2020.04.10-19.08.55:251][  0]LogOcInput: OculusInput pre-init called
[2020.04.10-19.08.55:259][  0]LogWindows: Failed to load 'OVRPlugin.dll' (GetLastError=126)
[2020.04.10-19.08.55:259][  0]LogWindows: File 'OVRPlugin.dll' does not exist
[2020.04.10-19.08.55:337][  0]LogEngine: Initializing Engine...
[2020.04.10-19.08.55:338][  0]LogHMD: Failed to initialize OpenVR with code 110
[2020.04.10-19.08.55:339][  0]LogStats: UGameplayTagsManager::InitializeManager -  0.000 s
[2020.04.10-19.08.55:556][  0]LogInit: Initializing FReadOnlyCVARCache
[2020.04.10-19.08.55:572][  0]LogAIModule: Creating AISystem for world Untitled
[2020.04.10-19.08.55:621][  0]LogInit: XAudio2 using 'VoiceMeeter Input (VB-Audio VoiceMeeter VAIO)' : 2 channels at 44.1 kHz using 16 bits per sample (channel mask 0x3)
[2020.04.10-19.08.55:635][  0]LogInit: FAudioDevice initialized.
[2020.04.10-19.08.55:635][  0]LogNetVersion: Set ProjectVersion to 1.0.0.0. Version Checksum will be recalculated on next use.
[2020.04.10-19.08.55:839][  0]LogDerivedDataCache: Saved boot cache 0.20s 73MB C:/Users/doria/AppData/Local/UnrealEngine/4.23/DerivedDataCache/Boot.ddc.
[2020.04.10-19.08.55:846][  0]LogInit: Texture streaming: Enabled
[2020.04.10-19.08.55:869][  0]LogEngineSessionManager: EngineSessionManager initialized
[2020.04.10-19.08.55:869][  0]LogEditorSessionSummary: Verbose: Initializing EditorSessionSummaryWriter for editor session tracking
[2020.04.10-19.08.55:870][  0]LogEditorSessionSummary: EditorSessionSummaryWriter initialized
[2020.04.10-19.08.55:938][  0]LogInit: Transaction tracking system initialized
[2020.04.10-19.08.55:977][  0]BlueprintLog: New page: Editor Load
[2020.04.10-19.08.56:073][  0]LocalizationService: Localization service is disabled
[2020.04.10-19.08.56:323][  0]LogFileCache: Scanning file cache for directory 'C:/Users/doria/Desktop/MOBA/Launcher/Content/' took 0.00s
[2020.04.10-19.08.56:323][  0]LogCook: Display: Max memory allowance for cook 16384mb min free memory 0mb
[2020.04.10-19.08.56:323][  0]LogCook: Display: Mobile HDR setting 1
[2020.04.10-19.08.56:521][  0]SourceControl: Source control is disabled
[2020.04.10-19.08.56:521][  0]Cmd: MAP LOAD FILE="../../../../../../Users/doria/Desktop/MOBA/Launcher/Content/Map/Connection_map.umap" TEMPLATE=0 SHOWPROGRESS=1 FEATURELEVEL=3
[2020.04.10-19.08.56:521][  0]LightingResults: New page: Lighting Build
[2020.04.10-19.08.56:524][  0]LogWorld: UWorld::CleanupWorld for Untitled, bSessionEnded=true, bCleanupResources=true
[2020.04.10-19.08.56:524][  0]MapCheck: New page: Map Check
[2020.04.10-19.08.56:524][  0]LightingResults: New page: Lighting Build
[2020.04.10-19.08.56:562][  0]LogUObjectHash: Compacting FUObjectHashTables data took   1.84ms
[2020.04.10-19.08.56:587][  0]LogAIModule: Creating AISystem for world Connection_map
[2020.04.10-19.08.56:588][  0]LogEditorServer: Finished looking for orphan Actors (0.000 secs)
[2020.04.10-19.08.56:626][  0]LogUObjectHash: Compacting FUObjectHashTables data took   2.32ms
[2020.04.10-19.08.56:626][  0]Cmd: MAP CHECKDEP NOCLEARLOG
[2020.04.10-19.08.56:626][  0]MapCheck: Map check complete: 0 Error(s), 0 Warning(s), took 0,217ms to complete.
[2020.04.10-19.08.56:626][  0]LogFileHelpers: Loading map 'Connection_map' took 0.105
[2020.04.10-19.08.56:743][  0]LogSlate: Updating window title bar state: overlay mode, drag disabled, window buttons hidden, title bar hidden
[2020.04.10-19.08.56:750][  0]LogSlate: Updating window title bar state: overlay mode, drag disabled, window buttons hidden, title bar hidden
[2020.04.10-19.08.56:757][  0]LogSlate: Updating window title bar state: overlay mode, drag disabled, window buttons hidden, title bar hidden
[2020.04.10-19.08.56:764][  0]LogSlate: Updating window title bar state: overlay mode, drag disabled, window buttons hidden, title bar hidden
[2020.04.10-19.08.56:772][  0]LogCollectionManager: Loaded 0 collections in 0.002163 seconds
[2020.04.10-19.08.56:778][  0]LogFileCache: Scanning file cache for directory 'C:/Users/doria/Desktop/MOBA/Launcher/Saved/Collections/' took 0.00s
[2020.04.10-19.08.56:778][  0]LogFileCache: Scanning file cache for directory 'C:/Users/doria/Desktop/MOBA/Launcher/Content/Developers/doria/Collections/' took 0.00s
[2020.04.10-19.08.56:778][  0]LogFileCache: Scanning file cache for directory 'C:/Users/doria/Desktop/MOBA/Launcher/Content/Collections/' took 0.00s
[2020.04.10-19.08.56:778][  0]LogCollectionManager: Rebuilt the GUID cache for 0 collections in 0.000001 seconds
[2020.04.10-19.08.56:787][  0]LogContentBrowser: Native class hierarchy populated in 0.0087 seconds. Added 2875 classes and 702 folders.
[2020.04.10-19.08.56:795][  0]LogContentBrowser: Native class hierarchy updated for 'WidgetCarousel' in 0.0002 seconds. Added 0 classes and 0 folders.
[2020.04.10-19.08.56:835][  0]LogContentBrowser: Native class hierarchy updated for 'AddContentDialog' in 0.0002 seconds. Added 0 classes and 0 folders.
[2020.04.10-19.08.56:893][  0]LogContentBrowser: Native class hierarchy updated for 'WorldBrowser' in 0.0002 seconds. Added 2 classes and 3 folders.
[2020.04.10-19.08.57:888][  0]LogSlate: Only BGRA pngs, bmps or icos are supported in by External Image Picker
[2020.04.10-19.08.57:926][  0]LogSlate: Took 0.000245 seconds to synchronously load lazily loaded font '../../../Engine/Content/Slate/Fonts/Roboto-Regular.ttf' (155K)
[2020.04.10-19.08.57:931][  0]LogSlate: Took 0.000174 seconds to synchronously load lazily loaded font '../../../Engine/Content/Slate/Fonts/Roboto-Bold.ttf' (160K)
[2020.04.10-19.08.57:933][  0]LogSlate: Took 0.000230 seconds to synchronously load lazily loaded font '../../../Engine/Content/Editor/Slate/Fonts/FontAwesome.ttf' (139K)
[2020.04.10-19.08.57:981][  0]LogRenderer: Reallocating scene render targets to support 876x620 Format 10 NumSamples 1 (Frame:1).
[2020.04.10-19.08.58:097][  0]LogContentBrowser: Native class hierarchy updated for 'HierarchicalLODOutliner' in 0.0003 seconds. Added 0 classes and 0 folders.
[2020.04.10-19.08.58:097][  0]LogLoad: (Engine Initialization) Total time: 8.04 seconds
[2020.04.10-19.08.58:097][  0]LogLoad: (Engine Initialization) Total Blueprint compile time: 0.00 seconds
[2020.04.10-19.08.58:159][  0]LogAssetRegistry: Asset discovery search completed in 5.1427 seconds
[2020.04.10-19.08.58:163][  0]LogAutoSizeComments: Loaded auto size comments cache: ../../../Engine/Plugins/Marketplace/AutoSizeComments/ASCCache/0354EB4A4F7C16C32151689286304399.json
[2020.04.10-19.08.58:163][  0]LogCollectionManager: Rebuilt the object cache for 0 collections in 0.000003 seconds (found 0 objects)
[2020.04.10-19.08.58:164][  0]LogCollectionManager: Fixed up redirectors for 0 collections in 0.000037 seconds (updated 0 objects)
[2020.04.10-19.08.58:165][  0]LogContentStreaming: Texture pool size now 1000 MB
[2020.04.10-19.08.58:189][  0]LogSlate: Took 0.000186 seconds to synchronously load lazily loaded font '../../../Engine/Content/Slate/Fonts/Roboto-Light.ttf' (167K)
[2020.04.10-19.08.59:129][107]LogSlate: Took 0.000203 seconds to synchronously load lazily loaded font '../../../Engine/Content/Slate/Fonts/Roboto-Light.ttf' (167K)
[2020.04.10-19.11.47:307][285]LogSlate: FSceneViewport::OnFocusLost() reason 0
[2020.04.10-19.11.47:457][285]LogUObjectHash: Compacting FUObjectHashTables data took   0.73ms
[2020.04.10-19.11.47:534][285]LogSlate: Window 'Launcher - Unreal Editor' being destroyed
[2020.04.10-19.11.47:535][285]LogWindowsTextInputMethodSystem: Display: IME system now deactivated.
[2020.04.10-19.11.47:583][285]LogDirectoryWatcher: A directory notification for '../../../Engine/Plugins/' was aborted.
[2020.04.10-19.11.47:655][286]Cmd: QUIT_EDITOR
[2020.04.10-19.11.47:674][286]LogExit: Preparing to exit.
[2020.04.10-19.11.47:675][286]LogAutoSizeComments: Saved node cache to ../../../Engine/Plugins/Marketplace/AutoSizeComments/ASCCache/0354EB4A4F7C16C32151689286304399.json
[2020.04.10-19.11.48:829][286]LogWorld: UWorld::CleanupWorld for World_0, bSessionEnded=true, bCleanupResources=true
[2020.04.10-19.11.48:840][286]LogDemo: Cleaned up 0 splitscreen connections with owner deletion
[2020.04.10-19.11.48:843][286]LogWorld: UWorld::CleanupWorld for None, bSessionEnded=true, bCleanupResources=true
[2020.04.10-19.11.48:844][286]LogExit: Editor shut down
[2020.04.10-19.11.48:845][286]LogExit: Transaction tracking system shut down
[2020.04.10-19.11.49:086][286]LogExit: Object subsystem successfully closed.
[2020.04.10-19.11.49:107][286]LogShaderCompilers: Display: Shaders left to compile 0
[2020.04.10-19.11.49:138][286]LogModuleManager: Shutting down and abandoning module HierarchicalLODOutliner (694)
[2020.04.10-19.11.49:138][286]LogModuleManager: Shutting down and abandoning module ExternalImagePicker (692)
[2020.04.10-19.11.49:138][286]LogModuleManager: Shutting down and abandoning module WorldBrowser (690)
[2020.04.10-19.11.49:138][286]LogModuleManager: Shutting down and abandoning module AddContentDialog (688)
[2020.04.10-19.11.49:138][286]LogModuleManager: Shutting down and abandoning module WidgetCarousel (687)
[2020.04.10-19.11.49:139][286]LogModuleManager: Shutting down and abandoning module EditorWidgets (684)
[2020.04.10-19.11.49:139][286]LogModuleManager: Shutting down and abandoning module CollectionManager (682)
[2020.04.10-19.11.49:139][286]LogModuleManager: Shutting down and abandoning module SceneOutliner (680)
[2020.04.10-19.11.49:139][286]LogModuleManager: Shutting down and abandoning module StatsViewer (678)
[2020.04.10-19.11.49:139][286]LogModuleManager: Shutting down and abandoning module VirtualTexturingEditor (676)
[2020.04.10-19.11.49:139][286]LogModuleManager: Shutting down and abandoning module FoliageEdit (674)
[2020.04.10-19.11.49:139][286]LogModuleManager: Shutting down and abandoning module LandscapeEditor (672)
[2020.04.10-19.11.49:139][286]LogModuleManager: Shutting down and abandoning module MeshPaintMode (670)
[2020.04.10-19.11.49:139][286]LogModuleManager: Shutting down and abandoning module SceneDepthPickerMode (668)
[2020.04.10-19.11.49:139][286]LogModuleManager: Shutting down and abandoning module ActorPickerMode (666)
[2020.04.10-19.11.49:139][286]LogModuleManager: Shutting down and abandoning module GeometryMode (664)
[2020.04.10-19.11.49:139][286]LogModuleManager: Shutting down and abandoning module TextureAlignMode (662)
[2020.04.10-19.11.49:139][286]LogModuleManager: Shutting down and abandoning module BspMode (660)
[2020.04.10-19.11.49:139][286]LogModuleManager: Shutting down and abandoning module PIEPreviewDeviceProfileSelector (658)
[2020.04.10-19.11.49:139][286]LogModuleManager: Shutting down and abandoning module SequenceRecorderSections (656)
[2020.04.10-19.11.49:139][286]LogModuleManager: Shutting down and abandoning module AutomationWorker (654)
[2020.04.10-19.11.49:139][286]LogModuleManager: Shutting down and abandoning module OculusMR (652)
[2020.04.10-19.11.49:139][286]LogModuleManager: Shutting down and abandoning module AudioCaptureEditor (650)
[2020.04.10-19.11.49:139][286]LogModuleManager: Shutting down and abandoning module MatineeToLevelSequence (648)
[2020.04.10-19.11.49:139][286]LogModuleManager: Shutting down and abandoning module LevelSequenceEditor (646)
[2020.04.10-19.11.49:139][286]LogModuleManager: Shutting down and abandoning module PlacementMode (645)
[2020.04.10-19.11.49:139][286]LogModuleManager: Shutting down and abandoning module MaterialEditor (644)
[2020.04.10-19.11.49:139][286]LogModuleManager: Shutting down and abandoning module ActorSequenceEditor (640)
[2020.04.10-19.11.49:139][286]LogModuleManager: Shutting down and abandoning module WmfMediaFactory (638)
[2020.04.10-19.11.49:139][286]LogModuleManager: Shutting down and abandoning module WmfMediaEditor (636)
[2020.04.10-19.11.49:139][286]LogModuleManager: Shutting down and abandoning module WebMMediaFactory (634)
[2020.04.10-19.11.49:139][286]LogModuleManager: Shutting down and abandoning module WebMMediaEditor (632)
[2020.04.10-19.11.49:139][286]LogModuleManager: Shutting down and abandoning module WebMMedia (630)
[2020.04.10-19.11.49:139][286]LogModuleManager: Shutting down and abandoning module MediaPlayerEditor (628)
[2020.04.10-19.11.49:139][286]LogModuleManager: Shutting down and abandoning module MediaCompositingEditor (626)
[2020.04.10-19.11.49:139][286]LogModuleManager: Shutting down and abandoning module SequenceRecorder (625)
[2020.04.10-19.11.49:139][286]LogModuleManager: Shutting down and abandoning module OpenExrWrapper (622)
[2020.04.10-19.11.49:139][286]LogModuleManager: Shutting down and abandoning module ImgMediaFactory (620)
[2020.04.10-19.11.49:140][286]LogModuleManager: Shutting down and abandoning module ImgMediaEditor (618)
[2020.04.10-19.11.49:140][286]LogModuleManager: Shutting down and abandoning module AvfMediaFactory (616)
[2020.04.10-19.11.49:140][286]LogModuleManager: Shutting down and abandoning module AvfMediaEditor (614)
[2020.04.10-19.11.49:140][286]LogModuleManager: Shutting down and abandoning module AndroidMediaFactory (612)
[2020.04.10-19.11.49:140][286]LogModuleManager: Shutting down and abandoning module AndroidMediaEditor (610)
[2020.04.10-19.11.49:141][286]LogModuleManager: Shutting down and abandoning module MagicLeapCameraPreviewFactory (608)
[2020.04.10-19.11.49:141][286]LogModuleManager: Shutting down and abandoning module MagicLeapMediaCodecFactory (606)
[2020.04.10-19.11.49:141][286]LogModuleManager: Shutting down and abandoning module MagicLeapMediaFactory (604)
[2020.04.10-19.11.49:141][286]LogModuleManager: Shutting down and abandoning module MagicLeapMediaEditor (602)
[2020.04.10-19.11.49:141][286]LogModuleManager: Shutting down and abandoning module CharacterAI (600)
[2020.04.10-19.11.49:141][286]LogModuleManager: Shutting down and abandoning module SmartSnapping (598)
[2020.04.10-19.11.49:141][286]LogModuleManager: Shutting down and abandoning module SessionServices (596)
[2020.04.10-19.11.49:141][286]LogModuleManager: Shutting down and abandoning module MeshPaint (594)
[2020.04.10-19.11.49:141][286]LogModuleManager: Shutting down and abandoning module ViewportSnapping (592)
[2020.04.10-19.11.49:141][286]LogModuleManager: Shutting down and abandoning module ViewportInteraction (590)
[2020.04.10-19.11.49:141][286]LogModuleManager: Shutting down and abandoning module ClothPainter (588)
[2020.04.10-19.11.49:141][286]LogModuleManager: Shutting down and abandoning module SkeletalMeshEditor (587)
[2020.04.10-19.11.49:141][286]LogModuleManager: Shutting down and abandoning module LogVisualizer (584)
[2020.04.10-19.11.49:141][286]LogModuleManager: Shutting down and abandoning module IntroTutorials (582)
[2020.04.10-19.11.49:141][286]LogModuleManager: Shutting down and abandoning module GameProjectGeneration (581)
[2020.04.10-19.11.49:141][286]LogModuleManager: Shutting down and abandoning module LuminPlatformEditor (578)
[2020.04.10-19.11.49:141][286]LogModuleManager: Shutting down and abandoning module IOSPlatformEditor (576)
[2020.04.10-19.11.49:141][286]LogModuleManager: Shutting down and abandoning module HTML5PlatformEditor (574)
[2020.04.10-19.11.49:141][286]LogModuleManager: Shutting down and abandoning module AndroidPlatformEditor (572)
[2020.04.10-19.11.49:141][286]LogModuleManager: Shutting down and abandoning module AndroidDeviceDetection (571)
[2020.04.10-19.11.49:193][286]LogModuleManager: Shutting down and abandoning module WindowsPlatformEditor (568)
[2020.04.10-19.11.49:193][286]LogModuleManager: Shutting down and abandoning module LuminRuntimeSettings (566)
[2020.04.10-19.11.49:193][286]LogModuleManager: Shutting down and abandoning module IOSRuntimeSettings (564)
[2020.04.10-19.11.49:193][286]LogModuleManager: Shutting down and abandoning module AndroidRuntimeSettings (562)
[2020.04.10-19.11.49:193][286]LogModuleManager: Shutting down and abandoning module TimeManagementEditor (560)
[2020.04.10-19.11.49:193][286]LogModuleManager: Shutting down and abandoning module InputBindingEditor (558)
[2020.04.10-19.11.49:193][286]LogModuleManager: Shutting down and abandoning module MergeActors (556)
[2020.04.10-19.11.49:193][286]LogModuleManager: Shutting down and abandoning module LocalizationDashboard (554)
[2020.04.10-19.11.49:193][286]LogModuleManager: Shutting down and abandoning module LocalizationService (553)
[2020.04.10-19.11.49:193][286]LogModuleManager: Shutting down and abandoning module HardwareTargeting (550)
[2020.04.10-19.11.49:194][286]LogModuleManager: Shutting down and abandoning module DeviceProfileEditor (548)
[2020.04.10-19.11.49:194][286]LogModuleManager: Shutting down and abandoning module UndoHistory (546)
[2020.04.10-19.11.49:194][286]LogModuleManager: Shutting down and abandoning module XmlParser (544)
[2020.04.10-19.11.49:194][286]LogModuleManager: Shutting down and abandoning module Blutility (542)
[2020.04.10-19.11.49:194][286]LogModuleManager: Shutting down and abandoning module ProjectSettingsViewer (540)
[2020.04.10-19.11.49:194][286]LogModuleManager: Shutting down and abandoning module ProjectTargetPlatformEditor (539)
[2020.04.10-19.11.49:194][286]LogModuleManager: Shutting down and abandoning module EditorSettingsViewer (536)
[2020.04.10-19.11.49:194][286]LogModuleManager: Shutting down and abandoning module SettingsEditor (534)
[2020.04.10-19.11.49:194][286]LogModuleManager: Shutting down and abandoning module ProjectLauncher (532)
[2020.04.10-19.11.49:194][286]LogModuleManager: Shutting down and abandoning module SessionFrontend (530)
[2020.04.10-19.11.49:194][286]LogModuleManager: Shutting down and abandoning module ProfilerClient (528)
[2020.04.10-19.11.49:194][286]LogModuleManager: Shutting down and abandoning module DeviceManager (526)
[2020.04.10-19.11.49:194][286]LogModuleManager: Shutting down and abandoning module TargetDeviceServices (525)
[2020.04.10-19.11.49:249][286]LogModuleManager: Shutting down and abandoning module AutomationController (522)
[2020.04.10-19.11.49:249][286]LogModuleManager: Shutting down and abandoning module AutomationWindow (520)
[2020.04.10-19.11.49:249][286]LogModuleManager: Shutting down and abandoning module Layers (518)
[2020.04.10-19.11.49:249][286]LogModuleManager: Shutting down and abandoning module ComponentVisualizers (516)
[2020.04.10-19.11.49:249][286]LogModuleManager: Shutting down and abandoning module DetailCustomizations (514)
[2020.04.10-19.11.49:249][286]LogModuleManager: Shutting down and abandoning module PackagesDialog (512)
[2020.04.10-19.11.49:249][286]LogModuleManager: Shutting down and abandoning module AnimationBlueprintEditor (510)
[2020.04.10-19.11.49:249][286]LogModuleManager: Shutting down and abandoning module Persona (508)
[2020.04.10-19.11.49:249][286]LogModuleManager: Shutting down and abandoning module AdvancedPreviewScene (507)
[2020.04.10-19.11.49:249][286]LogModuleManager: Shutting down and abandoning module AnimGraph (505)
[2020.04.10-19.11.49:249][286]LogModuleManager: Shutting down and abandoning module Kismet (502)
[2020.04.10-19.11.49:249][286]LogModuleManager: Shutting down and abandoning module KismetWidgets (501)
[2020.04.10-19.11.49:249][286]LogModuleManager: Shutting down and abandoning module GraphEditor (498)
[2020.04.10-19.11.49:250][286]LogModuleManager: Shutting down and abandoning module StructViewer (496)
[2020.04.10-19.11.49:250][286]LogModuleManager: Shutting down and abandoning module ClassViewer (494)
[2020.04.10-19.11.49:250][286]LogModuleManager: Shutting down and abandoning module Toolbox (492)
[2020.04.10-19.11.49:251][286]LogModuleManager: Shutting down and abandoning module ModuleUI (490)
[2020.04.10-19.11.49:251][286]LogModuleManager: Shutting down and abandoning module MovieSceneTools (488)
[2020.04.10-19.11.49:251][286]LogModuleManager: Shutting down and abandoning module OutputLog (486)
[2020.04.10-19.11.49:251][286]LogModuleManager: Shutting down and abandoning module GammaUI (484)
[2020.04.10-19.11.49:251][286]LogModuleManager: Shutting down and abandoning module Documentation (482)
[2020.04.10-19.11.49:251][286]LogModuleManager: Shutting down and abandoning module LiveCoding (480)
[2020.04.10-19.11.49:251][286]LogModuleManager: Shutting down and abandoning module LevelSequence (478)
[2020.04.10-19.11.49:251][286]LogModuleManager: Shutting down and abandoning module MovieSceneTracks (476)
[2020.04.10-19.11.49:251][286]LogModuleManager: Shutting down and abandoning module MovieScene (474)
[2020.04.10-19.11.49:251][286]LogModuleManager: Shutting down and abandoning module StreamingPauseRendering (472)
[2020.04.10-19.11.49:251][286]LogModuleManager: Shutting down and abandoning module LauncherPlatform (470)
[2020.04.10-19.11.49:251][286]LogModuleManager: Shutting down and abandoning module AnalyticsET (468)
[2020.04.10-19.11.49:251][286]LogModuleManager: Shutting down and abandoning module PortalServices (466)
[2020.04.10-19.11.49:251][286]LogModuleManager: Shutting down and abandoning module PortalRpc (464)
[2020.04.10-19.11.49:251][286]LogModuleManager: Shutting down and abandoning module MessagingRpc (462)
[2020.04.10-19.11.49:251][286]LogModuleManager: Shutting down and abandoning module AIModule (460)
[2020.04.10-19.11.49:251][286]LogModuleManager: Shutting down and abandoning module GameplayDebugger (459)
[2020.04.10-19.11.49:251][286]LogModuleManager: Shutting down and abandoning module AITestSuite (457)
[2020.04.10-19.11.49:251][286]LogModuleManager: Shutting down and abandoning module NavigationSystem (455)
[2020.04.10-19.11.49:251][286]LogModuleManager: Shutting down and abandoning module DesktopPlatform (452)
[2020.04.10-19.11.49:251][286]LogModuleManager: Shutting down and abandoning module ImageWriteQueue (450)
[2020.04.10-19.11.49:254][286]LogModuleManager: Shutting down and abandoning module ProfilerService (448)
[2020.04.10-19.11.49:398][286]LogModuleManager: Shutting down and abandoning module TaskGraph (446)
[2020.04.10-19.11.49:398][286]LogModuleManager: Shutting down and abandoning module ScreenshotTools (444)
[2020.04.10-19.11.49:398][286]LogModuleManager: Shutting down and abandoning module SteamVRController (442)
[2020.04.10-19.11.49:398][286]LogModuleManager: Shutting down and abandoning module ProceduralMeshComponentEditor (440)
[2020.04.10-19.11.49:398][286]LogModuleManager: Shutting down and abandoning module ProceduralMeshComponent (438)
[2020.04.10-19.11.49:398][286]LogModuleManager: Shutting down and abandoning module OculusEditor (436)
[2020.04.10-19.11.49:398][286]LogModuleManager: Shutting down and abandoning module OculusInput (434)
[2020.04.10-19.11.49:398][286]LogModuleManager: Shutting down and abandoning module MobilePatchingUtils (432)
[2020.04.10-19.11.49:398][286]LogModuleManager: Shutting down and abandoning module EditableMesh (430)
[2020.04.10-19.11.49:398][286]LogModuleManager: Shutting down and abandoning module SQLiteSupport (428)
[2020.04.10-19.11.49:398][286]LogModuleManager: Shutting down and abandoning module DatabaseSupport (426)
[2020.04.10-19.11.49:398][286]LogModuleManager: Shutting down and abandoning module CustomMeshComponent (424)
[2020.04.10-19.11.49:398][286]LogModuleManager: Shutting down and abandoning module CableComponent (422)
[2020.04.10-19.11.49:399][286]LogModuleManager: Shutting down and abandoning module AudioCapture (420)
[2020.04.10-19.11.49:399][286]LogModuleManager: Shutting down and abandoning module ArchVisCharacter (418)
[2020.04.10-19.11.49:399][286]LogModuleManager: Shutting down and abandoning module AppleImageUtilsBlueprintSupport (416)
[2020.04.10-19.11.49:399][286]LogModuleManager: Shutting down and abandoning module AppleImageUtils (414)
[2020.04.10-19.11.49:399][286]LogModuleManager: Shutting down and abandoning module AndroidPermission (412)
[2020.04.10-19.11.49:399][286]LogModuleManager: Shutting down and abandoning module NUTUnrealEngine4 (410)
[2020.04.10-19.11.49:399][286]LogModuleManager: Shutting down and abandoning module NetcodeUnitTest (408)
[2020.04.10-19.11.49:399][286]LogModuleManager: Shutting down and abandoning module MediaCompositing (406)
[2020.04.10-19.11.49:399][286]LogModuleManager: Shutting down and abandoning module ImgMedia (404)
[2020.04.10-19.11.49:399][286]LogModuleManager: Shutting down and abandoning module AutoSizeComments (402)
[2020.04.10-19.11.49:399][286]LogModuleManager: Shutting down and abandoning module MagicLeapHelperVulkan (400)
[2020.04.10-19.11.49:399][286]LogModuleManager: Shutting down and abandoning module MagicLeapHelperOpenGL (398)
[2020.04.10-19.11.49:399][286]LogModuleManager: Shutting down and abandoning module MagicLeapAudio (396)
[2020.04.10-19.11.49:399][286]LogModuleManager: Shutting down and abandoning module HTML5Networking (394)
[2020.04.10-19.11.49:399][286]LogModuleManager: Shutting down and abandoning module GeometryCacheTracks (392)
[2020.04.10-19.11.49:399][286]LogModuleManager: Shutting down and abandoning module GeometryCacheSequencer (390)
[2020.04.10-19.11.49:399][286]LogModuleManager: Shutting down and abandoning module BackChannel (388)
[2020.04.10-19.11.49:399][286]LogModuleManager: Shutting down and abandoning module AutomationUtilsEditor (386)
[2020.04.10-19.11.49:399][286]LogModuleManager: Shutting down and abandoning module AutomationUtils (384)
[2020.04.10-19.11.49:399][286]LogModuleManager: Shutting down and abandoning module AlembicImporter (382)
[2020.04.10-19.11.49:399][286]LogModuleManager: Shutting down and abandoning module AlembicLibrary (381)
[2020.04.10-19.11.49:399][286]LogModuleManager: Shutting down and abandoning module GeometryCache (380)
[2020.04.10-19.11.49:399][286]LogModuleManager: Shutting down and abandoning module GeometryCacheEd (379)
[2020.04.10-19.11.49:399][286]LogModuleManager: Shutting down and abandoning module VariantManagerContent (374)
[2020.04.10-19.11.49:399][286]LogModuleManager: Shutting down and abandoning module DatasmithContentEditor (372)
[2020.04.10-19.11.49:399][286]LogModuleManager: Shutting down and abandoning module SpeedTreeImporter (370)
[2020.04.10-19.11.49:399][286]LogModuleManager: Shutting down and abandoning module PluginBrowser (368)
[2020.04.10-19.11.49:399][286]LogModuleManager: Shutting down and abandoning module MobileLauncherProfileWizard (366)
[2020.04.10-19.11.49:399][286]LogModuleManager: Shutting down and abandoning module MaterialAnalyzer (364)
[2020.04.10-19.11.49:399][286]LogModuleManager: Shutting down and abandoning module CurveEditorTools (362)
[2020.04.10-19.11.49:399][286]LogModuleManager: Shutting down and abandoning module CurveEditor (361)
[2020.04.10-19.11.49:399][286]LogModuleManager: Shutting down and abandoning module CryptoKeysOpenSSL (358)
[2020.04.10-19.11.49:399][286]LogModuleManager: Shutting down and abandoning module CryptoKeys (356)
[2020.04.10-19.11.49:399][286]LogModuleManager: Shutting down and abandoning module VisualStudioSourceCodeAccess (354)
[2020.04.10-19.11.49:399][286]LogModuleManager: Shutting down and abandoning module VisualStudioCodeSourceCodeAccess (352)
[2020.04.10-19.11.49:399][286]LogModuleManager: Shutting down and abandoning module UObjectPlugin (350)
[2020.04.10-19.11.49:399][286]LogModuleManager: Shutting down and abandoning module SubversionSourceControl (348)
[2020.04.10-19.11.49:399][286]LogModuleManager: Shutting down and abandoning module PerforceSourceControl (346)
[2020.04.10-19.11.49:399][286]LogModuleManager: Shutting down and abandoning module GitSourceControl (344)
[2020.04.10-19.11.49:399][286]LogModuleManager: Shutting down and abandoning module SourceControl (343)
[2020.04.10-19.11.49:399][286]LogModuleManager: Shutting down and abandoning module MultiUserClientLibrary (340)
[2020.04.10-19.11.49:399][286]LogModuleManager: Shutting down and abandoning module MultiUserClient (338)
[2020.04.10-19.11.49:400][286]LogModuleManager: Shutting down and abandoning module ConcertSyncUI (336)
[2020.04.10-19.11.49:400][286]LogModuleManager: Shutting down and abandoning module ConcertSyncClient (334)
[2020.04.10-19.11.49:400][286]LogModuleManager: Shutting down and abandoning module CLionSourceCodeAccess (332)
[2020.04.10-19.11.49:400][286]LogModuleManager: Shutting down and abandoning module AnimationSharingEd (330)
[2020.04.10-19.11.49:400][286]LogModuleManager: Shutting down and abandoning module ActorLayerUtilitiesEditor (328)
[2020.04.10-19.11.49:400][286]LogModuleManager: Shutting down and abandoning module ActorLayerUtilities (326)
[2020.04.10-19.11.49:400][286]LogModuleManager: Shutting down and abandoning module LightPropagationVolumeEditor (324)
[2020.04.10-19.11.49:400][286]LogModuleManager: Shutting down and abandoning module PaperTiledImporter (322)
[2020.04.10-19.11.49:400][286]LogModuleManager: Shutting down and abandoning module PaperSpriteSheetImporter (320)
[2020.04.10-19.11.49:400][286]LogModuleManager: Shutting down and abandoning module Paper2DEditor (318)
[2020.04.10-19.11.49:400][286]LogModuleManager: Shutting down and abandoning module SignificanceManager (316)
[2020.04.10-19.11.49:400][286]LogModuleManager: Shutting down and abandoning module RuntimePhysXCooking (314)
[2020.04.10-19.11.49:400][286]LogModuleManager: Shutting down and abandoning module PhysXVehiclesEditor (312)
[2020.04.10-19.11.49:400][286]LogModuleManager: Shutting down and abandoning module LocationServicesBPLibrary (308)
[2020.04.10-19.11.49:400][286]LogModuleManager: Shutting down and abandoning module SQLiteCore (306)
[2020.04.10-19.11.49:400][286]LogModuleManager: Shutting down and abandoning module ActorSequence (304)
[2020.04.10-19.11.49:400][286]LogModuleManager: Shutting down and abandoning module UdpMessaging (302)
[2020.04.10-19.11.49:501][286]LogModuleManager: Shutting down and abandoning module TcpMessaging (300)
[2020.04.10-19.11.49:823][286]LogModuleManager: Shutting down and abandoning module MagicLeapIdentity (298)
[2020.04.10-19.11.49:823][286]LogModuleManager: Shutting down and abandoning module MagicLeapSecureStorage (296)
[2020.04.10-19.11.49:823][286]LogModuleManager: Shutting down and abandoning module MagicLeapHandTracking (294)
[2020.04.10-19.11.49:823][286]LogModuleManager: Shutting down and abandoning module MagicLeapEyeTracker (292)
[2020.04.10-19.11.49:823][286]LogModuleManager: Shutting down and abandoning module MagicLeapController (290)
[2020.04.10-19.11.49:823][286]LogSlate: Slate User Destroyed.  User Index 0, Is Virtual User: 0
[2020.04.10-19.11.49:824][286]LogModuleManager: Shutting down and abandoning module MagicLeapAR (288)
[2020.04.10-19.11.49:824][286]LogModuleManager: Shutting down and abandoning module AugmentedReality (287)
[2020.04.10-19.11.49:824][286]LogModuleManager: Shutting down and abandoning module GameplayTagsEditor (284)
[2020.04.10-19.11.49:824][286]LogModuleManager: Shutting down and abandoning module FacialAnimationEditor (282)
[2020.04.10-19.11.49:824][286]LogModuleManager: Shutting down and abandoning module FacialAnimation (280)
[2020.04.10-19.11.49:824][286]LogModuleManager: Shutting down and abandoning module DataValidation (278)
[2020.04.10-19.11.49:824][286]LogModuleManager: Shutting down and abandoning module AssetManagerEditor (276)
[2020.04.10-19.11.49:824][286]LogModuleManager: Shutting down and abandoning module LevelEditor (275)
[2020.04.10-19.11.49:824][286]LogModuleManager: Shutting down and abandoning module PixelInspectorModule (274)
[2020.04.10-19.11.49:824][286]LogModuleManager: Shutting down and abandoning module CommonMenuExtensions (272)
[2020.04.10-19.11.49:824][286]LogModuleManager: Shutting down and abandoning module MainFrame (270)
[2020.04.10-19.11.49:824][286]LogModuleManager: Shutting down and abandoning module HotReload (269)
[2020.04.10-19.11.49:825][286]LogModuleManager: Shutting down and abandoning module ContentBrowser (265)
[2020.04.10-19.11.49:825][286]LogModuleManager: Shutting down and abandoning module TreeMap (263)
[2020.04.10-19.11.49:826][286]LogModuleManager: Shutting down and abandoning module ConcertSyncCore (260)
[2020.04.10-19.11.49:826][286]LogModuleManager: Shutting down and abandoning module Concert (258)
[2020.04.10-19.11.49:826][286]LogModuleManager: Shutting down and abandoning module ConcertTransport (257)
[2020.04.10-19.11.49:826][286]LogModuleManager: Shutting down and abandoning module AnimationSharing (254)
[2020.04.10-19.11.49:826][286]LogModuleManager: Shutting down and abandoning module LightPropagationVolumeRuntime (252)
[2020.04.10-19.11.49:826][286]LogModuleManager: Shutting down and abandoning module Paper2D (250)
[2020.04.10-19.11.49:826][286]LogModuleManager: Shutting down and abandoning module WindowsMoviePlayer (248)
[2020.04.10-19.11.49:828][286]LogModuleManager: Shutting down and abandoning module WebMMoviePlayer (246)
[2020.04.10-19.11.49:828][286]LogModuleManager: Shutting down and abandoning module NetworkReplayStreaming (244)
[2020.04.10-19.11.49:828][286]LogModuleManager: Shutting down and abandoning module PacketHandler (242)
[2020.04.10-19.11.49:828][286]LogModuleManager: Shutting down and abandoning module ClothingSystemEditor (240)
[2020.04.10-19.11.49:828][286]LogModuleManager: Shutting down and abandoning module ClothingSystemRuntime (238)
[2020.04.10-19.11.49:828][286]LogModuleManager: Shutting down and abandoning module MediaAssets (236)
[2020.04.10-19.11.49:828][286]LogModuleManager: Shutting down and abandoning module Overlay (234)
[2020.04.10-19.11.49:828][286]LogModuleManager: Shutting down and abandoning module OverlayEditor (233)
[2020.04.10-19.11.49:828][286]LogModuleManager: Shutting down and abandoning module VREditor (230)
[2020.04.10-19.11.49:828][286]LogModuleManager: Shutting down and abandoning module StringTableEditor (228)
[2020.04.10-19.11.49:828][286]LogModuleManager: Shutting down and abandoning module GameplayTasksEditor (226)
[2020.04.10-19.11.49:828][286]LogModuleManager: Shutting down and abandoning module BehaviorTreeEditor (224)
[2020.04.10-19.11.49:828][286]LogModuleManager: Shutting down and abandoning module FunctionalTesting (222)
[2020.04.10-19.11.49:828][286]LogModuleManager: Shutting down and abandoning module CollisionAnalyzer (220)
[2020.04.10-19.11.49:828][286]LogModuleManager: Shutting down and abandoning module WorkspaceMenuStructure (219)
[2020.04.10-19.11.49:828][286]LogModuleManager: Shutting down and abandoning module UMG (216)
[2020.04.10-19.11.49:828][286]LogModuleManager: Shutting down and abandoning module UMGEditor (215)
[2020.04.10-19.11.49:828][286]LogModuleManager: Shutting down and abandoning module Sequencer (214)
[2020.04.10-19.11.49:828][286]LogModuleManager: Shutting down and abandoning module MessageLog (211)
[2020.04.10-19.11.49:828][286]LogModuleManager: Shutting down and abandoning module SlateReflector (206)
[2020.04.10-19.11.49:828][286]LogModuleManager: Shutting down and abandoning module Slate (204)
[2020.04.10-19.11.49:828][286]LogModuleManager: Shutting down and abandoning module LandscapeEditorUtilities (202)
[2020.04.10-19.11.49:828][286]LogModuleManager: Shutting down and abandoning module EditorStyle (200)
[2020.04.10-19.11.49:829][286]LogModuleManager: Shutting down and abandoning module UnrealEd (198)
[2020.04.10-19.11.49:829][286]LogModuleManager: Shutting down and abandoning module MRMesh (196)
[2020.04.10-19.11.49:829][286]LogModuleManager: Shutting down and abandoning module SourceCodeAccess (194)
[2020.04.10-19.11.49:829][286]LogModuleManager: Shutting down and abandoning module HeadMountedDisplay (192)
[2020.04.10-19.11.49:829][286]LogModuleManager: Shutting down and abandoning module XAudio2 (190)
[2020.04.10-19.11.49:829][286]LogModuleManager: Shutting down and abandoning module Networking (188)
[2020.04.10-19.11.49:830][286]LogModuleManager: Shutting down and abandoning module Core (186)
[2020.04.10-19.11.49:830][286]LogModuleManager: Shutting down and abandoning module KismetCompiler (184)
[2020.04.10-19.11.49:830][286]LogModuleManager: Shutting down and abandoning module MeshUtilities (182)
[2020.04.10-19.11.49:830][286]LogModuleManager: Shutting down and abandoning module MeshMergeUtilities (181)
[2020.04.10-19.11.49:830][286]LogModuleManager: Shutting down and abandoning module MeshReductionInterface (180)
[2020.04.10-19.11.49:830][286]LogModuleManager: Shutting down and abandoning module SkeletalMeshReduction (179)
[2020.04.10-19.11.49:830][286]LogModuleManager: Shutting down and abandoning module ProxyLODMeshReduction (177)
[2020.04.10-19.11.49:830][286]LogModuleManager: Shutting down and abandoning module QuadricMeshReduction (175)
[2020.04.10-19.11.49:830][286]LogModuleManager: Shutting down and abandoning module MaterialBaking (171)
[2020.04.10-19.11.49:830][286]LogModuleManager: Shutting down and abandoning module NullInstallBundleManager (166)
[2020.04.10-19.11.49:830][286]LogModuleManager: Shutting down and abandoning module DerivedDataCache (164)
[2020.04.10-19.11.49:849][286]LogDerivedDataCache: Shutdown
[2020.04.10-19.11.49:849][286]LogModuleManager: Shutting down and abandoning module XGEController (162)
[2020.04.10-19.11.49:849][286]LogModuleManager: Shutting down and abandoning module TargetPlatform (160)
[2020.04.10-19.11.49:849][286]LogModuleManager: Shutting down and abandoning module VulkanShaderFormat (159)
[2020.04.10-19.11.49:849][286]LogModuleManager: Shutting down and abandoning module ShaderFormatVectorVM (157)
[2020.04.10-19.11.49:849][286]LogModuleManager: Shutting down and abandoning module ShaderFormatOpenGL (155)
[2020.04.10-19.11.49:849][286]LogModuleManager: Shutting down and abandoning module ShaderFormatD3D (153)
[2020.04.10-19.11.49:849][286]LogModuleManager: Shutting down and abandoning module MetalShaderFormat (151)
[2020.04.10-19.11.49:849][286]LogModuleManager: Shutting down and abandoning module TextureFormatUncompressed (149)
[2020.04.10-19.11.49:849][286]LogModuleManager: Shutting down and abandoning module TextureFormatPVR (147)
[2020.04.10-19.11.49:849][286]LogModuleManager: Shutting down and abandoning module TextureFormatDXT (145)
[2020.04.10-19.11.49:849][286]LogModuleManager: Shutting down and abandoning module TextureFormatIntelISPCTexComp (143)
[2020.04.10-19.11.49:849][286]LogModuleManager: Shutting down and abandoning module TextureFormatASTC (141)
[2020.04.10-19.11.49:849][286]LogModuleManager: Shutting down and abandoning module ImageWrapper (140)
[2020.04.10-19.11.49:849][286]LogModuleManager: Shutting down and abandoning module TextureFormatAndroid (137)
[2020.04.10-19.11.49:849][286]LogModuleManager: Shutting down and abandoning module AudioFormatOpus (135)
[2020.04.10-19.11.49:849][286]LogModuleManager: Shutting down and abandoning module AudioFormatOgg (133)
[2020.04.10-19.11.49:849][286]LogModuleManager: Shutting down and abandoning module AudioFormatADPCM (131)
[2020.04.10-19.11.49:849][286]LogModuleManager: Shutting down and abandoning module LuminTargetPlatform (129)
[2020.04.10-19.11.49:850][286]LogModuleManager: Shutting down and abandoning module LinuxTargetPlatform (127)
[2020.04.10-19.11.49:850][286]LogModuleManager: Shutting down and abandoning module LinuxServerTargetPlatform (125)
[2020.04.10-19.11.49:850][286]LogModuleManager: Shutting down and abandoning module LinuxNoEditorTargetPlatform (123)
[2020.04.10-19.11.49:850][286]LogModuleManager: Shutting down and abandoning module LinuxClientTargetPlatform (121)
[2020.04.10-19.11.49:850][286]LogModuleManager: Shutting down and abandoning module TVOSTargetPlatform (119)
[2020.04.10-19.11.49:850][286]LogModuleManager: Shutting down and abandoning module Messaging (117)
[2020.04.10-19.11.49:850][286]LogModuleManager: Shutting down and abandoning module IOSTargetPlatform (115)
[2020.04.10-19.11.49:851][286]LogModuleManager: Shutting down and abandoning module HTML5TargetPlatform (113)
[2020.04.10-19.11.49:851][286]LogModuleManager: Shutting down and abandoning module AndroidTargetPlatform (111)
[2020.04.10-19.11.49:856][286]LogModuleManager: Shutting down and abandoning module WindowsTargetPlatform (109)
[2020.04.10-19.11.49:856][286]LogModuleManager: Shutting down and abandoning module WindowsServerTargetPlatform (107)
[2020.04.10-19.11.49:856][286]LogModuleManager: Shutting down and abandoning module WindowsNoEditorTargetPlatform (105)
[2020.04.10-19.11.49:856][286]LogModuleManager: Shutting down and abandoning module WindowsClientTargetPlatform (103)
[2020.04.10-19.11.49:856][286]LogModuleManager: Shutting down and abandoning module MacTargetPlatform (101)
[2020.04.10-19.11.49:856][286]LogModuleManager: Shutting down and abandoning module MacServerTargetPlatform (99)
[2020.04.10-19.11.49:856][286]LogModuleManager: Shutting down and abandoning module MacNoEditorTargetPlatform (97)
[2020.04.10-19.11.49:856][286]LogModuleManager: Shutting down and abandoning module MacClientTargetPlatform (95)
[2020.04.10-19.11.49:856][286]LogModuleManager: Shutting down and abandoning module AllDesktopTargetPlatform (93)
[2020.04.10-19.11.49:856][286]LogModuleManager: Shutting down and abandoning module InputCore (90)
[2020.04.10-19.11.49:856][286]LogModuleManager: Shutting down and abandoning module Settings (88)
[2020.04.10-19.11.49:856][286]LogModuleManager: Shutting down and abandoning module DirectoryWatcher (86)
[2020.04.10-19.11.49:856][286]LogModuleManager: Shutting down and abandoning module PhysXCooking (84)
[2020.04.10-19.11.49:856][286]LogModuleManager: Shutting down and abandoning module WindowsPlatformFeatures (82)
[2020.04.10-19.11.49:856][286]LogModuleManager: Shutting down and abandoning module GameplayMediaEncoder (81)
[2020.04.10-19.11.49:856][286]LogModuleManager: Shutting down and abandoning module SteamVR (78)
[2020.04.10-19.11.49:856][286]LogHMD: Freeing OpenVRDLLHandle.
[2020.04.10-19.11.49:856][286]LogModuleManager: Shutting down and abandoning module OculusHMD (76)
[2020.04.10-19.11.49:856][286]LogModuleManager: Shutting down and abandoning module ExampleDeviceProfileSelector (74)
[2020.04.10-19.11.49:856][286]LogModuleManager: Shutting down and abandoning module LauncherChunkInstaller (72)
[2020.04.10-19.11.49:856][286]LogModuleManager: Shutting down and abandoning module OnlineBlueprintSupport (70)
[2020.04.10-19.11.49:856][286]LogModuleManager: Shutting down and abandoning module OnlineSubsystem (66)
[2020.04.10-19.11.49:857][286]LogModuleManager: Shutting down and abandoning module XMPP (61)
[2020.04.10-19.11.49:857][286]LogModuleManager: Shutting down and abandoning module WebSockets (60)
[2020.04.10-19.11.49:891][286]LogModuleManager: Shutting down and abandoning module HTTP (57)
[2020.04.10-19.11.49:891][286]LogHttp: Display: Http module shutting down, but needs to wait on 1 outstanding Http requests:
[2020.04.10-19.11.49:891][286]LogHttp: Display: 	verb=[POST] url=[https://datarouter.ol.epicgames.com/datarouter/api/v1/public/data?SessionID=%7B392340A4-440B-5B5C-AC8D-66977D2ACA67%7D&AppID=UEEditor.Rocket.Release&AppVersion=4.23.1-9631420%2B%2B%2BUE4%2BRelease-4.23&UserID=14c900f44ff5cc5b0173238dbec4135a%7C12454aa9b449447e8eabc735cbe08801%7C647b84b0-d65b-4239-b4c8-541fdad1a27f&AppEnvironment=datacollector-binary&UploadType=eteventstream] status=Processing
[2020.04.10-19.11.49:912][286]LogModuleManager: Shutting down and abandoning module SSL (56)
[2020.04.10-19.11.49:913][286]LogModuleManager: Shutting down and abandoning module WmfMedia (52)
[2020.04.10-19.11.49:916][286]LogModuleManager: Shutting down and abandoning module Media (51)
[2020.04.10-19.11.49:917][286]LogModuleManager: Shutting down and abandoning module MagicLeap (48)
[2020.04.10-19.11.49:917][286]LogModuleManager: Shutting down and abandoning module DatasmithContent (46)
[2020.04.10-19.11.49:917][286]LogModuleManager: Shutting down and abandoning module AISupportModule (44)
[2020.04.10-19.11.49:917][286]LogModuleManager: Shutting down and abandoning module PlatformCryptoOpenSSL (42)
[2020.04.10-19.11.49:917][286]LogModuleManager: Shutting down and abandoning module PlatformCrypto (40)
[2020.04.10-19.11.49:917][286]LogModuleManager: Shutting down and abandoning module AnimationModifiers (38)
[2020.04.10-19.11.49:917][286]LogModuleManager: Shutting down and abandoning module PropertyEditor (37)
[2020.04.10-19.11.49:918][286]LogModuleManager: Shutting down and abandoning module AudioEditor (34)
[2020.04.10-19.11.49:918][286]LogModuleManager: Shutting down and abandoning module TextureCompressor (32)
[2020.04.10-19.11.49:918][286]LogModuleManager: Shutting down and abandoning module RenderCore (30)
[2020.04.10-19.11.49:918][286]LogModuleManager: Shutting down and abandoning module Landscape (28)
[2020.04.10-19.11.49:918][286]LogModuleManager: Shutting down and abandoning module SlateRHIRenderer (26)
[2020.04.10-19.11.49:920][286]LogModuleManager: Shutting down and abandoning module OpenGLDrv (24)
[2020.04.10-19.11.49:920][286]LogModuleManager: Shutting down and abandoning module D3D11RHI (22)
[2020.04.10-19.11.49:920][286]LogModuleManager: Shutting down and abandoning module AnimGraphRuntime (20)
[2020.04.10-19.11.49:920][286]LogModuleManager: Shutting down and abandoning module Renderer (18)
[2020.04.10-19.11.49:920][286]LogModuleManager: Shutting down and abandoning module Engine (16)
[2020.04.10-19.11.49:920][286]LogModuleManager: Shutting down and abandoning module CoreUObject (14)
[2020.04.10-19.11.49:920][286]LogModuleManager: Shutting down and abandoning module NetworkFile (12)
[2020.04.10-19.11.49:920][286]LogModuleManager: Shutting down and abandoning module CookedIterativeFile (10)
[2020.04.10-19.11.49:920][286]LogModuleManager: Shutting down and abandoning module StreamingFile (8)
[2020.04.10-19.11.49:920][286]LogModuleManager: Shutting down and abandoning module SandboxFile (6)
[2020.04.10-19.11.49:920][286]LogModuleManager: Shutting down and abandoning module PakFile (4)
[2020.04.10-19.11.49:920][286]LogModuleManager: Shutting down and abandoning module RSA (3)
[2020.04.10-19.11.49:920][286]LogD3D11RHI: Shutdown
[2020.04.10-19.11.49:920][286]LogD3D11RHI: CleanupD3DDevice
[2020.04.10-19.11.49:921][286]LogRendererCore: FGlobalDynamicReadBuffer::Cleanup()
[2020.04.10-19.11.49:921][286]LogRendererCore: FGlobalDynamicReadBuffer::Cleanup()
[2020.04.10-19.11.49:921][286]LogRendererCore: FGlobalDynamicReadBuffer::Cleanup()
[2020.04.10-19.11.49:987][286]LogD3D11RHI: ~FD3D11DynamicRHI
[2020.04.10-19.11.50:007][286]LogExit: Exiting.
[2020.04.10-19.11.50:034][286]Log file closed, 04/10/20 21:11:50
